TN:
SF:src/components/shared/FeatureGate.tsx
FN:11,FeatureGate
FNF:1
FNH:1
FNDA:22,FeatureGate
DA:12,22
DA:14,22
DA:15,18
DA:18,4
DA:19,1
DA:22,3
LF:6
LH:6
BRDA:14,0,0,18
BRDA:14,0,1,4
BRDA:18,1,0,1
BRDA:18,1,1,3
BRF:4
BRH:4
end_of_record
TN:
SF:src/components/shared/UpgradePrompt.tsx
FN:10,UpgradePrompt
FN:25,(anonymous_1)
FNF:2
FNH:1
FNDA:3,UpgradePrompt
FNDA:0,(anonymous_1)
DA:11,3
DA:13,3
DA:25,0
LF:3
LH:2
BRDA:19,0,0,3
BRDA:19,0,1,3
BRDA:22,1,0,3
BRDA:22,1,1,3
BRF:4
BRH:4
end_of_record
TN:
SF:src/features/audit/AuditPage.tsx
FN:11,AuditPage
FNF:1
FNH:1
FNDA:5,AuditPage
DA:9,1
DA:12,5
DA:13,5
DA:16,5
DA:18,5
LF:5
LH:5
BRDA:16,0,0,5
BRDA:16,0,1,3
BRDA:39,1,0,0
BRDA:39,1,1,5
BRF:4
BRH:3
end_of_record
TN:
SF:src/features/audit/components/AuditFilters.tsx
FN:11,isActive
FN:12,(anonymous_1)
FN:33,AuditFilters
FN:34,handleChange
FN:42,(anonymous_4)
FN:46,(anonymous_5)
FN:55,(anonymous_6)
FN:71,(anonymous_7)
FN:79,(anonymous_8)
FN:86,(anonymous_9)
FNF:10
FNH:6
FNDA:4,isActive
FNDA:16,(anonymous_1)
FNDA:4,AuditFilters
FNDA:1,handleChange
FNDA:1,(anonymous_4)
FNDA:36,(anonymous_5)
FNDA:0,(anonymous_6)
FNDA:0,(anonymous_7)
FNDA:0,(anonymous_8)
FNDA:0,(anonymous_9)
DA:3,1
DA:12,16
DA:15,1
DA:35,1
DA:38,4
DA:42,1
DA:47,36
DA:55,0
DA:71,0
DA:79,0
DA:86,0
LF:11
LH:7
BRDA:84,0,0,4
BRDA:84,0,1,1
BRDA:93,1,0,4
BRDA:93,1,1,4
BRF:4
BRH:4
end_of_record
TN:
SF:src/features/audit/components/AuditLogRow.tsx
FN:5,getActionBadgeClass
FN:15,formatTimestamp
FN:26,AuditLogRow
FN:37,(anonymous_3)
FN:37,(anonymous_4)
FNF:5
FNH:3
FNDA:3,getActionBadgeClass
FNDA:3,formatTimestamp
FNDA:3,AuditLogRow
FNDA:0,(anonymous_3)
FNDA:0,(anonymous_4)
DA:6,3
DA:7,3
DA:8,1
DA:9,0
DA:10,0
DA:11,0
DA:12,0
DA:16,3
DA:27,3
DA:28,3
DA:29,3
DA:30,3
DA:31,3
DA:33,3
DA:37,0
LF:15
LH:10
BRDA:7,0,0,2
BRDA:7,0,1,1
BRDA:8,1,0,1
BRDA:8,1,1,0
BRDA:9,2,0,0
BRDA:9,2,1,0
BRDA:10,3,0,0
BRDA:10,3,1,0
BRDA:11,4,0,0
BRDA:11,4,1,0
BRDA:28,5,0,3
BRDA:28,5,1,0
BRDA:29,6,0,3
BRDA:29,6,1,3
BRDA:30,7,0,3
BRDA:30,7,1,1
BRDA:30,7,2,1
BRDA:31,8,0,2
BRDA:31,8,1,1
BRDA:36,9,0,0
BRDA:36,9,1,3
BRDA:37,10,0,0
BRDA:37,10,1,3
BRDA:55,11,0,3
BRDA:55,11,1,1
BRDA:60,12,0,3
BRDA:60,12,1,0
BRDA:63,13,0,3
BRDA:63,13,1,0
BRDA:64,14,0,0
BRDA:64,14,1,0
BRDA:71,15,0,3
BRDA:71,15,1,0
BRDA:71,15,2,0
BRDA:74,16,0,0
BRDA:74,16,1,0
BRDA:80,17,0,0
BRDA:80,17,1,0
BRF:38
BRH:18
end_of_record
TN:
SF:src/features/audit/components/AuditLogTable.tsx
FN:16,AuditLogTable
FN:20,(anonymous_1)
FN:31,(anonymous_2)
FN:43,(anonymous_3)
FN:45,(anonymous_4)
FN:52,(anonymous_5)
FNF:6
FNH:4
FNDA:4,AuditLogTable
FNDA:3,(anonymous_1)
FNDA:28,(anonymous_2)
FNDA:0,(anonymous_3)
FNDA:0,(anonymous_4)
FNDA:3,(anonymous_5)
DA:14,1
DA:17,4
DA:18,4
DA:20,4
DA:21,3
DA:22,0
DA:26,4
DA:32,28
DA:44,0
DA:46,0
DA:52,3
LF:11
LH:8
BRDA:21,0,0,0
BRDA:21,0,1,3
BRDA:21,1,0,3
BRDA:21,1,1,0
BRDA:21,1,2,0
BRDA:42,2,0,0
BRDA:42,2,1,4
BRDA:61,3,0,4
BRDA:61,3,1,1
BRDA:70,4,0,4
BRDA:70,4,1,3
BRDA:70,4,2,1
BRDA:70,4,3,1
BRF:13
BRH:9
end_of_record
TN:
SF:src/features/audit/components/ExportAuditButton.tsx
FN:10,ExportAuditButtonInner
FN:13,handleExport
FN:40,DisabledExportAuditButton
FN:57,ExportAuditButton
FNF:4
FNH:2
FNDA:4,ExportAuditButtonInner
FNDA:0,handleExport
FNDA:0,DisabledExportAuditButton
FNDA:4,ExportAuditButton
DA:11,4
DA:14,0
DA:15,0
DA:16,0
DA:17,0
DA:18,0
DA:19,0
DA:20,0
DA:21,0
DA:22,0
DA:24,0
DA:28,4
DA:41,0
DA:58,4
LF:14
LH:3
BRDA:32,0,0,4
BRDA:32,0,1,4
BRDA:35,1,0,0
BRDA:35,1,1,4
BRDA:45,2,0,0
BRDA:45,2,1,0
BRF:6
BRH:3
end_of_record
TN:
SF:src/features/auth/AuthContext.tsx
FN:17,AuthProvider
FN:21,(anonymous_1)
FN:32,(anonymous_2)
FN:55,(anonymous_3)
FN:59,(anonymous_4)
FN:66,(anonymous_5)
FN:84,(anonymous_6)
FN:94,(anonymous_7)
FN:105,useAuthContext
FNF:9
FNH:8
FNDA:20,AuthProvider
FNDA:7,(anonymous_1)
FNDA:1,(anonymous_2)
FNDA:1,(anonymous_3)
FNDA:2,(anonymous_4)
FNDA:2,(anonymous_5)
FNDA:1,(anonymous_6)
FNDA:0,(anonymous_7)
FNDA:29,useAuthContext
DA:15,5
DA:18,20
DA:19,20
DA:21,20
DA:22,7
DA:23,7
DA:24,5
DA:25,5
DA:28,2
DA:33,1
DA:34,1
DA:35,1
DA:36,1
DA:37,1
DA:38,1
DA:39,1
DA:41,0
DA:42,0
DA:45,1
DA:46,1
DA:47,0
DA:48,0
DA:49,0
DA:51,0
DA:56,1
DA:57,1
DA:60,2
DA:66,20
DA:67,2
DA:71,1
DA:72,0
DA:74,1
DA:75,1
DA:76,1
DA:77,1
DA:78,1
DA:79,1
DA:80,1
DA:81,1
DA:84,20
DA:85,1
DA:86,1
DA:88,1
DA:89,1
DA:90,1
DA:94,20
DA:95,0
DA:98,20
DA:106,29
DA:107,29
DA:108,28
LF:51
LH:43
BRDA:23,0,0,5
BRDA:23,0,1,2
BRDA:36,1,0,1
BRDA:36,1,1,0
BRDA:46,2,0,0
BRDA:46,2,1,1
BRDA:71,3,0,0
BRDA:71,3,1,1
BRDA:107,4,0,0
BRDA:107,4,1,29
BRF:10
BRH:6
end_of_record
TN:
SF:src/features/auth/ForgotPasswordPage.tsx
FN:15,ForgotPasswordPage
FN:26,(anonymous_1)
FN:28,(anonymous_2)
FNF:3
FNH:3
FNDA:10,ForgotPasswordPage
FNDA:1,(anonymous_1)
FNDA:1,(anonymous_2)
DA:9,1
DA:16,10
DA:22,10
DA:24,10
DA:26,10
DA:27,1
DA:28,1
DA:32,10
DA:33,2
DA:70,8
LF:10
LH:10
BRDA:32,0,0,2
BRDA:32,0,1,8
BRDA:82,1,0,8
BRDA:82,1,1,2
BRDA:107,2,0,10
BRDA:107,2,1,0
BRDA:117,3,0,0
BRDA:117,3,1,8
BRF:8
BRH:6
end_of_record
TN:
SF:src/features/auth/GoogleCallbackPage.tsx
FN:6,GoogleCallbackPage
FN:11,(anonymous_1)
FNF:2
FNH:0
FNDA:0,GoogleCallbackPage
FNDA:0,(anonymous_1)
DA:7,0
DA:8,0
DA:9,0
DA:11,0
DA:12,0
DA:13,0
DA:14,0
DA:16,0
DA:17,0
DA:21,0
DA:24,0
DA:25,0
DA:28,0
DA:29,0
DA:30,0
DA:31,0
DA:32,0
DA:33,0
DA:39,0
DA:42,0
LF:20
LH:0
BRDA:16,0,0,0
BRDA:16,0,1,0
BRDA:16,1,0,0
BRDA:16,1,1,0
BRDA:16,1,2,0
BRDA:19,2,0,0
BRDA:19,2,1,0
BRDA:29,3,0,0
BRDA:29,3,1,0
BRF:9
BRH:0
end_of_record
TN:
SF:src/features/auth/LoginPage.tsx
FN:26,LoginPage
FN:45,(anonymous_1)
FN:47,(anonymous_2)
FN:56,(anonymous_3)
FN:59,(anonymous_4)
FN:64,(anonymous_5)
FN:87,(anonymous_6)
FN:97,(anonymous_7)
FNF:8
FNH:4
FNDA:30,LoginPage
FNDA:0,(anonymous_1)
FNDA:0,(anonymous_2)
FNDA:4,(anonymous_3)
FNDA:1,(anonymous_4)
FNDA:2,(anonymous_5)
FNDA:0,(anonymous_6)
FNDA:0,(anonymous_7)
DA:15,2
DA:27,30
DA:28,30
DA:29,30
DA:30,30
DA:32,30
DA:33,30
DA:34,30
DA:40,30
DA:42,30
DA:44,30
DA:46,0
DA:48,0
DA:49,0
DA:50,0
DA:51,0
DA:52,0
DA:56,30
DA:57,4
DA:58,4
DA:60,1
DA:61,0
DA:65,2
DA:66,2
DA:72,30
DA:73,0
DA:87,0
DA:97,0
DA:118,30
LF:29
LH:19
BRDA:60,0,0,0
BRDA:60,0,1,1
BRDA:65,1,0,2
BRDA:65,1,1,0
BRDA:65,2,0,2
BRDA:65,2,1,2
BRDA:72,3,0,0
BRDA:72,3,1,30
BRDA:92,4,0,0
BRDA:92,4,1,0
BRDA:98,5,0,0
BRDA:98,5,1,0
BRDA:101,6,0,0
BRDA:101,6,1,0
BRDA:121,7,0,30
BRDA:121,7,1,0
BRDA:127,8,0,30
BRDA:127,8,1,3
BRDA:152,9,0,30
BRDA:152,9,1,0
BRDA:171,10,0,30
BRDA:171,10,1,0
BRDA:181,11,0,7
BRDA:181,11,1,23
BRF:24
BRH:12
end_of_record
TN:
SF:src/features/auth/RegisterPage.tsx
FN:20,(anonymous_0)
FN:24,(anonymous_1)
FN:31,RegisterPage
FN:46,(anonymous_3)
FN:48,(anonymous_4)
FN:49,(anonymous_5)
FNF:6
FNH:6
FNDA:4,(anonymous_0)
FNDA:4,(anonymous_1)
FNDA:16,RegisterPage
FNDA:2,(anonymous_3)
FNDA:1,(anonymous_4)
FNDA:1,(anonymous_5)
DA:11,1
DA:20,4
DA:24,4
DA:32,16
DA:39,16
DA:44,16
DA:46,16
DA:47,2
DA:48,1
DA:50,1
DA:51,1
DA:52,1
DA:53,1
DA:55,1
DA:56,0
DA:63,16
DA:64,2
DA:95,14
LF:18
LH:17
BRDA:50,0,0,1
BRDA:50,0,1,0
BRDA:50,1,0,1
BRDA:50,1,1,1
BRDA:52,2,0,1
BRDA:52,2,1,0
BRDA:55,3,0,0
BRDA:55,3,1,1
BRDA:63,4,0,2
BRDA:63,4,1,14
BRDA:109,5,0,14
BRDA:109,5,1,1
BRDA:120,6,0,16
BRDA:120,6,1,3
BRDA:136,7,0,16
BRDA:136,7,1,1
BRDA:154,8,0,16
BRDA:154,8,1,1
BRDA:172,9,0,16
BRDA:172,9,1,1
BRDA:192,10,0,16
BRDA:192,10,1,1
BRDA:201,11,0,0
BRDA:201,11,1,14
BRF:24
BRH:20
end_of_record
TN:
SF:src/features/auth/ResetPasswordPage.tsx
FN:13,(anonymous_0)
FN:20,ResetPasswordPage
FN:32,(anonymous_2)
FNF:3
FNH:3
FNDA:2,(anonymous_0)
FNDA:11,ResetPasswordPage
FNDA:1,(anonymous_2)
DA:8,1
DA:13,2
DA:21,11
DA:22,11
DA:28,11
DA:30,11
DA:32,11
DA:33,1
DA:34,1
DA:37,11
DA:38,2
DA:72,9
LF:12
LH:12
BRDA:33,0,0,0
BRDA:33,0,1,1
BRDA:37,1,0,2
BRDA:37,1,1,9
BRDA:84,2,0,9
BRDA:84,2,1,0
BRDA:108,3,0,11
BRDA:108,3,1,0
BRDA:127,4,0,11
BRDA:127,4,1,1
BRDA:137,5,0,0
BRDA:137,5,1,9
BRF:12
BRH:8
end_of_record
TN:
SF:src/features/auth/components/AuthLayout.tsx
FN:7,AuthLayout
FNF:1
FNH:1
FNDA:67,AuthLayout
DA:8,67
LF:1
LH:1
BRF:0
BRH:0
end_of_record
TN:
SF:src/features/auth/components/GoogleOAuthButton.tsx
FN:5,GoogleOAuthButton
FN:6,(anonymous_1)
FNF:2
FNH:1
FNDA:28,GoogleOAuthButton
FNDA:0,(anonymous_1)
DA:6,28
DA:7,0
DA:10,28
LF:3
LH:2
BRDA:5,0,0,28
BRDA:7,1,0,0
BRDA:7,1,1,0
BRF:3
BRH:1
end_of_record
TN:
SF:src/features/auth/components/ProtectedRoute.tsx
FN:4,ProtectedRoute
FNF:1
FNH:1
FNDA:4,ProtectedRoute
DA:5,4
DA:7,4
DA:8,2
DA:19,2
DA:20,1
DA:23,1
LF:6
LH:6
BRDA:7,0,0,2
BRDA:7,0,1,2
BRDA:19,1,0,1
BRDA:19,1,1,1
BRF:4
BRH:4
end_of_record
TN:
SF:src/features/billing/BillingPage.tsx
FN:8,BillingPage
FNF:1
FNH:1
FNDA:5,BillingPage
DA:9,5
DA:10,5
DA:11,5
DA:13,5
LF:4
LH:4
BRDA:23,0,0,5
BRDA:23,0,1,1
BRF:2
BRH:2
end_of_record
TN:
SF:src/features/billing/components/InvoiceList.tsx
FN:13,InvoiceList
FN:46,(anonymous_1)
FN:62,(anonymous_2)
FN:75,(anonymous_3)
FN:75,(anonymous_4)
FN:83,(anonymous_5)
FN:83,(anonymous_6)
FNF:7
FNH:3
FNDA:5,InvoiceList
FNDA:5,(anonymous_1)
FNDA:9,(anonymous_2)
FNDA:0,(anonymous_3)
FNDA:0,(anonymous_4)
FNDA:0,(anonymous_5)
FNDA:0,(anonymous_6)
DA:6,1
DA:14,5
DA:16,5
DA:17,5
DA:18,5
DA:19,5
DA:21,5
DA:47,5
DA:62,9
DA:75,0
DA:83,0
LF:11
LH:9
BRDA:45,0,0,1
BRDA:45,0,1,4
BRDA:55,1,0,1
BRDA:55,1,1,3
BRDA:68,2,0,5
BRDA:68,2,1,4
BRDA:68,2,2,0
BRF:7
BRH:6
end_of_record
TN:
SF:src/features/billing/components/InvoiceRow.tsx
FN:11,formatDate
FN:20,InvoiceRow
FNF:2
FNH:2
FNDA:27,formatDate
FNDA:9,InvoiceRow
DA:4,1
DA:12,27
DA:13,27
DA:21,9
DA:23,9
LF:5
LH:5
BRDA:12,0,0,0
BRDA:12,0,1,27
BRDA:21,1,0,9
BRDA:21,1,1,0
BRDA:40,2,0,3
BRDA:40,2,1,6
BRF:6
BRH:4
end_of_record
TN:
SF:src/features/billing/components/PaymentMethodCard.tsx
FN:15,PaymentMethodCard
FNF:1
FNH:0
FNDA:0,PaymentMethodCard
DA:4,1
DA:16,0
DA:17,0
DA:19,0
LF:4
LH:1
BRDA:17,0,0,0
BRDA:17,0,1,0
BRDA:22,1,0,0
BRDA:22,1,1,0
BRDA:27,2,0,0
BRDA:27,2,1,0
BRF:6
BRH:0
end_of_record
TN:
SF:src/features/billing/components/PaymentMethods.tsx
FN:11,PaymentMethods
FN:29,(anonymous_1)
FN:39,(anonymous_2)
FNF:3
FNH:1
FNDA:5,PaymentMethods
FNDA:0,(anonymous_1)
FNDA:0,(anonymous_2)
DA:12,5
DA:30,0
DA:40,0
LF:3
LH:1
BRDA:27,0,0,0
BRDA:27,0,1,5
BRDA:33,1,0,5
BRDA:33,1,1,0
BRF:4
BRH:2
end_of_record
TN:
SF:src/features/clients/ClientsPage.tsx
FN:14,ClientsPage
FN:28,(anonymous_1)
FN:43,(anonymous_2)
FN:48,(anonymous_3)
FN:53,(anonymous_4)
FN:58,(anonymous_5)
FN:62,(anonymous_6)
FN:109,(anonymous_7)
FN:109,(anonymous_8)
FN:119,(anonymous_9)
FN:119,(anonymous_10)
FN:132,(anonymous_11)
FN:140,(anonymous_12)
FNF:13
FNH:4
FNDA:10,ClientsPage
FNDA:40,(anonymous_1)
FNDA:4,(anonymous_2)
FNDA:0,(anonymous_3)
FNDA:0,(anonymous_4)
FNDA:0,(anonymous_5)
FNDA:0,(anonymous_6)
FNDA:0,(anonymous_7)
FNDA:0,(anonymous_8)
FNDA:0,(anonymous_9)
FNDA:0,(anonymous_10)
FNDA:0,(anonymous_11)
FNDA:1,(anonymous_12)
DA:12,1
DA:15,10
DA:16,10
DA:17,10
DA:19,10
DA:20,10
DA:21,10
DA:22,10
DA:23,10
DA:24,10
DA:26,10
DA:28,10
DA:29,40
DA:31,40
DA:34,40
DA:35,40
DA:36,40
DA:39,10
DA:40,10
DA:41,10
DA:43,10
DA:44,4
DA:45,4
DA:48,10
DA:49,0
DA:50,0
DA:53,10
DA:54,0
DA:55,0
DA:58,10
DA:59,0
DA:60,0
DA:62,0
DA:66,10
DA:67,10
DA:69,10
DA:109,0
DA:119,0
DA:132,0
DA:140,1
LF:40
LH:30
BRDA:31,0,0,40
BRDA:31,0,1,9
BRDA:31,0,2,9
BRDA:34,1,0,40
BRDA:34,1,1,0
BRDA:35,2,0,40
BRDA:35,2,1,0
BRDA:36,3,0,40
BRDA:36,3,1,31
BRDA:36,3,2,31
BRDA:59,4,0,0
BRDA:59,4,1,0
BRDA:66,5,0,0
BRDA:66,5,1,10
BRDA:75,6,0,0
BRDA:75,6,1,10
BRDA:102,7,0,10
BRDA:102,7,1,10
BRDA:102,7,2,0
BRF:19
BRH:12
end_of_record
TN:
SF:src/features/clients/components/ClientDetailPanel.tsx
FN:15,ClientDetailPanel
FN:59,(anonymous_1)
FN:62,(anonymous_2)
FN:141,(anonymous_3)
FN:147,(anonymous_4)
FN:175,(anonymous_5)
FNF:6
FNH:1
FNDA:10,ClientDetailPanel
FNDA:0,(anonymous_1)
FNDA:0,(anonymous_2)
FNDA:0,(anonymous_3)
FNDA:0,(anonymous_4)
FNDA:0,(anonymous_5)
DA:16,10
DA:18,10
DA:20,0
DA:60,0
DA:62,0
DA:142,0
DA:148,0
DA:175,0
LF:8
LH:2
BRDA:18,0,0,10
BRDA:18,0,1,0
BRDA:46,1,0,0
BRDA:46,1,1,0
BRDA:64,2,0,0
BRDA:64,2,1,0
BRDA:69,3,0,0
BRDA:69,3,1,0
BRDA:69,4,0,0
BRDA:69,4,1,0
BRDA:77,5,0,10
BRDA:77,5,1,0
BRDA:91,6,0,0
BRDA:91,6,1,0
BRDA:96,7,0,0
BRDA:96,7,1,0
BRDA:122,8,0,10
BRDA:122,8,1,0
BRDA:126,9,0,10
BRDA:126,9,1,0
BRDA:128,10,0,0
BRDA:128,10,1,0
BRDA:158,11,0,0
BRDA:158,11,1,0
BRDA:159,12,0,0
BRDA:159,12,1,0
BRDA:172,13,0,10
BRDA:172,13,1,0
BRDA:177,14,0,0
BRDA:177,14,1,0
BRDA:182,15,0,0
BRDA:182,15,1,0
BRF:32
BRH:5
end_of_record
TN:
SF:src/features/clients/components/ClientFilters.tsx
FN:14,ClientFilters
FN:31,(anonymous_1)
FN:38,(anonymous_2)
FN:49,(anonymous_3)
FNF:4
FNH:2
FNDA:10,ClientFilters
FNDA:4,(anonymous_1)
FNDA:0,(anonymous_2)
FNDA:0,(anonymous_3)
DA:23,10
DA:31,4
DA:38,0
DA:49,0
LF:4
LH:2
BRF:0
BRH:0
end_of_record
TN:
SF:src/features/clients/components/ClientsTable.tsx
FN:47,ClientAvatar
FN:58,SkeletonRow
FN:61,(anonymous_2)
FN:78,ClientsTable
FN:94,(anonymous_4)
FN:108,(anonymous_5)
FN:158,(anonymous_6)
FN:166,(anonymous_7)
FNF:8
FNH:4
FNDA:31,ClientAvatar
FNDA:0,SkeletonRow
FNDA:0,(anonymous_2)
FNDA:10,ClientsTable
FNDA:0,(anonymous_4)
FNDA:31,(anonymous_5)
FNDA:0,(anonymous_6)
FNDA:1,(anonymous_7)
DA:4,1
DA:11,1
DA:24,1
DA:48,31
DA:59,0
DA:62,0
DA:79,10
DA:94,0
DA:109,31
DA:110,31
DA:111,31
DA:112,31
DA:113,31
DA:158,0
DA:166,1
LF:15
LH:11
BRDA:51,0,0,31
BRDA:51,0,1,21
BRDA:94,1,0,10
BRDA:94,1,1,0
BRDA:96,2,0,10
BRDA:96,2,1,10
BRDA:96,2,2,0
BRDA:107,3,0,10
BRDA:107,3,1,10
BRDA:141,4,0,31
BRDA:141,4,1,31
BRDA:164,5,0,31
BRDA:164,5,1,27
BRDA:167,6,0,21
BRDA:167,6,1,6
BRDA:170,7,0,21
BRDA:170,7,1,6
BRF:17
BRH:15
end_of_record
TN:
SF:src/features/clients/components/SuspendClientModal.tsx
FN:9,SuspendClientModal
FNF:1
FNH:1
FNDA:10,SuspendClientModal
DA:10,10
DA:12,1
DA:14,1
LF:3
LH:3
BRDA:10,0,0,9
BRDA:10,0,1,1
BRDA:18,1,0,1
BRDA:18,1,1,0
BRDA:21,2,0,1
BRDA:21,2,1,0
BRDA:35,3,0,1
BRDA:35,3,1,0
BRF:8
BRH:5
end_of_record
TN:
SF:src/features/dashboard/DashboardPage.tsx
FN:10,DashboardPage
FNF:1
FNH:1
FNDA:3,DashboardPage
DA:11,3
DA:12,3
DA:13,3
DA:14,3
DA:16,3
DA:17,3
DA:19,3
DA:21,3
DA:23,3
LF:9
LH:9
BRDA:21,0,0,3
BRDA:21,0,1,3
BRDA:21,0,2,3
BRDA:34,1,0,3
BRDA:34,1,1,3
BRDA:36,2,0,3
BRDA:36,2,1,0
BRDA:58,3,0,3
BRDA:58,3,1,3
BRDA:61,4,0,3
BRDA:61,4,1,3
BRF:11
BRH:10
end_of_record
TN:
SF:src/features/dashboard/components/RecentAuditEvents.tsx
FN:8,isFailureAction
FN:13,RecentAuditEvents
FN:23,(anonymous_2)
FN:32,(anonymous_3)
FNF:4
FNH:1
FNDA:0,isFailureAction
FNDA:3,RecentAuditEvents
FNDA:0,(anonymous_2)
FNDA:0,(anonymous_3)
DA:9,0
DA:10,0
DA:14,3
DA:24,0
DA:33,0
DA:34,0
LF:6
LH:1
BRDA:10,0,0,0
BRDA:10,0,1,0
BRDA:22,1,0,0
BRDA:22,1,1,3
BRDA:38,2,0,0
BRDA:38,2,1,0
BRDA:43,3,0,0
BRDA:43,3,1,0
BRDA:43,3,2,0
BRDA:46,4,0,0
BRDA:46,4,1,0
BRDA:54,5,0,0
BRDA:54,5,1,0
BRDA:60,6,0,3
BRDA:60,6,1,3
BRDA:60,6,2,3
BRF:16
BRH:4
end_of_record
TN:
SF:src/features/dashboard/components/RecentUsersTable.tsx
FN:9,SkeletonRow
FN:31,RecentUsersTable
FN:41,(anonymous_2)
FN:67,(anonymous_3)
FN:68,(anonymous_4)
FNF:5
FNH:4
FNDA:5,SkeletonRow
FNDA:3,RecentUsersTable
FNDA:0,(anonymous_2)
FNDA:5,(anonymous_3)
FNDA:10,(anonymous_4)
DA:10,5
DA:32,3
DA:34,3
DA:41,0
DA:67,5
DA:69,10
LF:6
LH:5
BRDA:66,0,0,1
BRDA:66,0,1,2
BRDA:72,1,0,10
BRDA:72,1,1,0
BRDA:81,2,0,10
BRDA:81,2,1,0
BRDA:85,3,0,8
BRDA:85,3,1,2
BRDA:86,4,0,8
BRDA:86,4,1,2
BRF:10
BRH:8
end_of_record
TN:
SF:src/features/dashboard/components/StatsCards.tsx
FN:22,StatCardSkeleton
FN:34,StatCard
FN:67,StatsCards
FN:75,(anonymous_3)
FN:127,(anonymous_4)
FNF:5
FNH:5
FNDA:4,StatCardSkeleton
FNDA:8,StatCard
FNDA:3,StatsCards
FNDA:4,(anonymous_3)
FNDA:8,(anonymous_4)
DA:23,4
DA:36,8
DA:40,8
DA:68,3
DA:69,3
DA:71,3
DA:72,1
DA:73,1
DA:76,4
DA:82,2
DA:83,2
DA:84,2
DA:86,2
DA:123,3
DA:125,3
DA:128,8
LF:16
LH:16
BRDA:36,0,0,2
BRDA:36,0,1,6
BRDA:36,1,0,8
BRDA:36,1,1,2
BRDA:36,1,2,2
BRDA:49,2,0,8
BRDA:49,2,1,2
BRDA:57,3,0,0
BRDA:57,3,1,2
BRDA:71,4,0,1
BRDA:71,4,1,2
BRDA:72,5,0,1
BRDA:72,5,1,0
BRDA:108,6,0,2
BRDA:108,6,1,0
BRDA:116,7,0,2
BRDA:116,7,1,0
BRDA:123,8,0,2
BRDA:123,8,1,0
BRF:19
BRH:14
end_of_record
TN:
SF:src/features/notifications/NotificationsPage.tsx
FN:8,NotificationsPage
FN:14,(anonymous_1)
FN:14,(anonymous_2)
FN:18,(anonymous_3)
FN:19,(anonymous_4)
FN:43,(anonymous_5)
FNF:6
FNH:4
FNDA:4,NotificationsPage
FNDA:4,(anonymous_1)
FNDA:10,(anonymous_2)
FNDA:0,(anonymous_3)
FNDA:0,(anonymous_4)
FNDA:1,(anonymous_5)
DA:9,4
DA:10,4
DA:11,4
DA:13,4
DA:14,10
DA:18,4
DA:19,0
DA:22,4
DA:43,1
LF:9
LH:8
BRDA:28,0,0,4
BRDA:28,0,1,3
BRF:2
BRH:2
end_of_record
TN:
SF:src/features/notifications/components/BulkActions.tsx
FN:8,BulkActions
FN:18,(anonymous_1)
FNF:2
FNH:1
FNDA:4,BulkActions
FNDA:0,(anonymous_1)
DA:9,4
DA:11,4
DA:18,0
LF:3
LH:2
BRDA:14,0,0,3
BRDA:14,0,1,1
BRDA:16,1,0,4
BRDA:16,1,1,3
BRDA:22,2,0,0
BRDA:22,2,1,3
BRF:6
BRH:5
end_of_record
TN:
SF:src/features/notifications/components/NotificationItem.tsx
FN:44,timeAgo
FN:58,NotificationItem
FN:85,(anonymous_2)
FN:99,(anonymous_3)
FNF:4
FNH:3
FNDA:12,timeAgo
FNDA:12,NotificationItem
FNDA:0,(anonymous_2)
FNDA:1,(anonymous_3)
DA:20,2
DA:36,2
DA:45,12
DA:46,12
DA:47,12
DA:48,4
DA:49,4
DA:59,12
DA:60,12
DA:61,12
DA:62,12
DA:64,12
DA:85,0
DA:99,1
LF:14
LH:13
BRDA:46,0,0,0
BRDA:46,0,1,12
BRDA:47,1,0,8
BRDA:47,1,1,4
BRDA:48,2,0,0
BRDA:48,2,1,4
BRDA:59,3,0,12
BRDA:59,3,1,0
BRDA:61,4,0,4
BRDA:61,4,1,8
BRDA:62,5,0,4
BRDA:62,5,1,8
BRDA:78,6,0,12
BRDA:78,6,1,8
BRDA:97,7,0,12
BRDA:97,7,1,8
BRF:16
BRH:13
end_of_record
TN:
SF:src/features/notifications/components/NotificationList.tsx
FN:25,NotificationList
FN:28,(anonymous_1)
FN:30,(anonymous_2)
FN:40,(anonymous_3)
FN:45,(anonymous_4)
FN:66,(anonymous_5)
FN:77,(anonymous_6)
FNF:7
FNH:6
FNDA:5,NotificationList
FNDA:13,(anonymous_1)
FNDA:13,(anonymous_2)
FNDA:35,(anonymous_3)
FNDA:1,(anonymous_4)
FNDA:0,(anonymous_5)
FNDA:12,(anonymous_6)
DA:6,1
DA:16,1
DA:26,5
DA:28,13
DA:30,5
DA:31,13
DA:32,3
DA:33,0
DA:36,5
DA:41,35
DA:42,35
DA:45,1
DA:67,0
DA:78,12
LF:14
LH:12
BRDA:31,0,0,10
BRDA:31,0,1,3
BRDA:32,1,0,3
BRDA:32,1,1,0
BRDA:47,2,0,5
BRDA:47,2,1,30
BRDA:53,3,0,35
BRDA:53,3,1,5
BRDA:53,3,2,4
BRDA:64,4,0,0
BRDA:64,4,1,5
BRDA:70,5,0,0
BRDA:70,5,1,5
BRF:13
BRH:10
end_of_record
TN:
SF:src/features/permissions/PermissionsPage.tsx
FN:8,PermissionsPage
FN:14,(anonymous_1)
FN:14,(anonymous_2)
FN:18,(anonymous_3)
FN:20,(anonymous_4)
FN:28,(anonymous_5)
FN:30,(anonymous_6)
FNF:7
FNH:7
FNDA:14,PermissionsPage
FNDA:3,(anonymous_1)
FNDA:10,(anonymous_2)
FNDA:14,(anonymous_3)
FNDA:54,(anonymous_4)
FNDA:14,(anonymous_5)
FNDA:26,(anonymous_6)
DA:9,14
DA:10,14
DA:11,14
DA:13,14
DA:14,10
DA:18,14
DA:19,14
DA:20,14
DA:22,54
DA:23,54
DA:24,54
DA:28,14
DA:29,14
DA:31,26
DA:32,26
DA:33,26
DA:39,14
LF:17
LH:17
BRDA:22,0,0,54
BRDA:22,0,1,44
BRDA:22,0,2,42
BRDA:23,1,0,54
BRDA:23,1,1,0
BRDA:24,2,0,54
BRDA:24,2,1,26
BRDA:45,3,0,0
BRDA:45,3,1,14
BRF:9
BRH:7
end_of_record
TN:
SF:src/features/permissions/components/PermissionFilters.tsx
FN:33,PermissionFilters
FN:50,(anonymous_1)
FN:59,(anonymous_2)
FN:64,(anonymous_3)
FNF:4
FNH:3
FNDA:14,PermissionFilters
FNDA:11,(anonymous_1)
FNDA:0,(anonymous_2)
FNDA:27,(anonymous_3)
DA:3,1
DA:41,14
DA:50,11
DA:59,0
DA:65,27
LF:5
LH:4
BRDA:66,0,0,27
BRDA:66,0,1,0
BRF:2
BRH:1
end_of_record
TN:
SF:src/features/permissions/components/PermissionRow.tsx
FN:6,getAction
FN:34,PermissionRow
FNF:2
FNH:2
FNDA:26,getAction
FNDA:26,PermissionRow
DA:7,26
DA:8,5
DA:9,0
DA:10,0
DA:11,0
DA:14,1
DA:22,1
DA:35,26
DA:37,26
LF:9
LH:6
BRDA:7,0,0,21
BRDA:7,0,1,5
BRDA:8,1,0,5
BRDA:8,1,1,0
BRDA:9,2,0,0
BRDA:9,2,1,0
BRDA:10,3,0,0
BRDA:10,3,1,0
BRDA:58,4,0,26
BRDA:58,4,1,0
BRF:10
BRH:4
end_of_record
TN:
SF:src/features/permissions/components/PermissionsGrouped.tsx
FN:12,PermissionsGrouped
FN:15,(anonymous_1)
FN:16,(anonymous_2)
FN:22,(anonymous_3)
FN:29,(anonymous_4)
FN:52,(anonymous_5)
FN:65,(anonymous_6)
FN:84,(anonymous_7)
FNF:8
FNH:3
FNDA:14,PermissionsGrouped
FNDA:0,(anonymous_1)
FNDA:0,(anonymous_2)
FNDA:0,(anonymous_3)
FNDA:0,(anonymous_4)
FNDA:21,(anonymous_5)
FNDA:0,(anonymous_6)
FNDA:26,(anonymous_7)
DA:13,14
DA:15,14
DA:16,0
DA:19,14
DA:20,0
DA:23,0
DA:30,0
DA:39,14
DA:41,14
DA:42,0
DA:50,14
DA:53,21
DA:54,21
DA:55,21
DA:57,21
DA:65,0
DA:85,26
LF:17
LH:11
BRDA:19,0,0,0
BRDA:19,0,1,14
BRDA:41,1,0,0
BRDA:41,1,1,14
BRDA:54,2,0,21
BRDA:54,2,1,21
BRDA:55,3,0,21
BRDA:55,3,1,0
BRDA:68,4,0,0
BRDA:68,4,1,21
BRDA:82,5,0,21
BRDA:82,5,1,21
BRF:12
BRH:8
end_of_record
TN:
SF:src/features/promotions/PromotionsPage.tsx
FN:12,PromotionsPage
FN:31,(anonymous_1)
FN:36,(anonymous_2)
FN:41,(anonymous_3)
FN:46,(anonymous_4)
FN:55,(anonymous_5)
FN:57,(anonymous_6)
FN:67,(anonymous_7)
FN:68,(anonymous_8)
FN:69,(anonymous_9)
FN:70,(anonymous_10)
FN:131,(anonymous_11)
FN:137,(anonymous_12)
FN:148,(anonymous_13)
FN:161,(anonymous_14)
FN:186,(anonymous_15)
FN:211,(anonymous_16)
FNF:17
FNH:9
FNDA:4,PromotionsPage
FNDA:0,(anonymous_1)
FNDA:1,(anonymous_2)
FNDA:0,(anonymous_3)
FNDA:0,(anonymous_4)
FNDA:3,(anonymous_5)
FNDA:6,(anonymous_6)
FNDA:3,(anonymous_7)
FNDA:6,(anonymous_8)
FNDA:6,(anonymous_9)
FNDA:6,(anonymous_10)
FNDA:0,(anonymous_11)
FNDA:0,(anonymous_12)
FNDA:0,(anonymous_13)
FNDA:0,(anonymous_14)
FNDA:6,(anonymous_15)
FNDA:0,(anonymous_16)
DA:13,4
DA:14,4
DA:15,4
DA:16,4
DA:18,4
DA:19,4
DA:20,4
DA:22,4
DA:23,4
DA:24,4
DA:26,4
DA:27,4
DA:28,4
DA:29,4
DA:31,4
DA:32,0
DA:33,0
DA:36,4
DA:37,1
DA:38,1
DA:41,4
DA:42,0
DA:43,0
DA:46,4
DA:48,0
DA:49,0
DA:50,0
DA:51,0
DA:55,4
DA:56,3
DA:57,3
DA:59,6
DA:60,6
DA:61,6
DA:62,6
DA:66,4
DA:67,3
DA:68,6
DA:69,6
DA:70,6
DA:75,4
DA:131,0
DA:137,0
DA:148,0
DA:162,0
DA:187,6
DA:211,0
LF:47
LH:34
BRDA:48,0,0,0
BRDA:48,0,1,0
BRDA:49,1,0,0
BRDA:49,1,1,0
BRDA:50,2,0,0
BRDA:50,2,1,0
BRDA:59,3,0,6
BRDA:59,3,1,0
BRDA:59,3,2,0
BRDA:60,4,0,6
BRDA:60,4,1,0
BRDA:61,5,0,6
BRDA:61,5,1,0
BRDA:62,6,0,6
BRDA:62,6,1,6
BRDA:62,6,2,6
BRDA:82,7,0,0
BRDA:82,7,1,4
BRDA:87,8,0,4
BRDA:87,8,1,4
BRDA:99,9,0,4
BRDA:99,9,1,4
BRDA:159,10,0,4
BRDA:159,10,1,0
BRDA:171,11,0,4
BRDA:171,11,1,4
BRDA:171,11,2,2
BRDA:176,12,0,2
BRDA:176,12,1,0
BRDA:184,13,0,4
BRDA:184,13,1,4
BRDA:184,13,2,2
BRF:32
BRH:19
end_of_record
TN:
SF:src/features/promotions/components/PromotionCard.tsx
FN:7,getPromotionColor
FN:31,formatValue
FN:37,isExpiringSoon
FN:55,PromotionCard
FN:152,(anonymous_4)
FN:161,(anonymous_5)
FN:171,(anonymous_6)
FN:180,(anonymous_7)
FN:189,(anonymous_8)
FN:202,(anonymous_9)
FNF:10
FNH:3
FNDA:6,getPromotionColor
FNDA:0,formatValue
FNDA:2,isExpiringSoon
FNDA:6,PromotionCard
FNDA:0,(anonymous_4)
FNDA:0,(anonymous_5)
FNDA:0,(anonymous_6)
FNDA:0,(anonymous_7)
FNDA:0,(anonymous_8)
FNDA:0,(anonymous_9)
DA:5,1
DA:8,6
DA:11,1
DA:18,1
DA:25,1
DA:32,0
DA:33,0
DA:34,0
DA:38,2
DA:39,2
DA:40,2
DA:41,2
DA:65,6
DA:66,6
DA:69,6
DA:74,6
DA:81,6
DA:84,6
DA:90,6
DA:153,0
DA:154,0
DA:161,0
DA:171,0
DA:180,0
DA:189,0
DA:202,0
LF:26
LH:16
BRDA:32,0,0,0
BRDA:32,0,1,0
BRDA:33,1,0,0
BRDA:33,1,1,0
BRDA:69,2,0,4
BRDA:69,2,1,2
BRDA:74,3,0,2
BRDA:74,3,1,4
BRDA:76,4,0,0
BRDA:76,4,1,4
BRDA:81,5,0,6
BRDA:81,5,1,6
BRDA:81,5,2,4
BRDA:84,6,0,2
BRDA:84,6,1,4
BRDA:84,7,0,6
BRDA:84,7,1,4
BRDA:86,8,0,2
BRDA:86,8,1,2
BRDA:122,9,0,6
BRDA:122,9,1,0
BRDA:130,10,0,4
BRDA:130,10,1,2
BRDA:142,11,0,6
BRDA:142,11,1,2
BRDA:142,11,2,0
BRDA:148,12,0,0
BRDA:148,12,1,6
BRDA:169,13,0,6
BRDA:169,13,1,6
BRDA:178,14,0,6
BRDA:178,14,1,6
BRDA:187,15,0,6
BRDA:187,15,1,4
BRDA:190,16,0,2
BRDA:190,16,1,2
BRDA:193,17,0,2
BRDA:193,17,1,2
BRDA:200,18,0,6
BRDA:200,18,1,6
BRF:40
BRH:32
end_of_record
TN:
SF:src/features/promotions/components/PromotionModal.tsx
FN:37,(anonymous_0)
FN:69,PromotionModal
FN:94,(anonymous_2)
FN:137,(anonymous_3)
FN:142,(anonymous_4)
FN:145,(anonymous_5)
FN:151,(anonymous_6)
FN:155,(anonymous_7)
FN:160,(anonymous_8)
FN:291,(anonymous_9)
FN:307,(anonymous_10)
FN:313,(anonymous_11)
FN:380,(anonymous_12)
FNF:13
FNH:3
FNDA:0,(anonymous_0)
FNDA:8,PromotionModal
FNDA:4,(anonymous_2)
FNDA:0,(anonymous_3)
FNDA:0,(anonymous_4)
FNDA:0,(anonymous_5)
FNDA:0,(anonymous_6)
FNDA:0,(anonymous_7)
FNDA:0,(anonymous_8)
FNDA:0,(anonymous_9)
FNDA:8,(anonymous_10)
FNDA:0,(anonymous_11)
FNDA:0,(anonymous_12)
DA:10,1
DA:11,1
DA:18,1
DA:38,0
DA:39,0
DA:45,0
DA:46,0
DA:52,0
DA:53,0
DA:70,8
DA:71,8
DA:72,8
DA:81,8
DA:91,8
DA:92,8
DA:94,8
DA:95,4
DA:96,1
DA:97,0
DA:112,1
DA:130,8
DA:132,2
DA:133,8
DA:134,8
DA:135,8
DA:137,8
DA:138,0
DA:139,0
DA:142,8
DA:143,0
DA:144,0
DA:145,0
DA:147,0
DA:151,8
DA:152,0
DA:153,0
DA:155,0
DA:158,0
DA:160,0
DA:165,8
DA:291,0
DA:308,8
DA:309,8
DA:313,0
DA:380,0
LF:45
LH:24
BRDA:38,0,0,0
BRDA:38,0,1,0
BRDA:38,1,0,0
BRDA:38,1,1,0
BRDA:38,1,2,0
BRDA:45,2,0,0
BRDA:45,2,1,0
BRDA:45,3,0,0
BRDA:45,3,1,0
BRDA:45,3,2,0
BRDA:52,4,0,0
BRDA:52,4,1,0
BRDA:52,5,0,0
BRDA:52,5,1,0
BRDA:52,5,2,0
BRDA:95,6,0,1
BRDA:95,6,1,3
BRDA:96,7,0,0
BRDA:96,7,1,1
BRDA:130,8,0,6
BRDA:130,8,1,2
BRDA:132,9,0,0
BRDA:132,9,1,2
BRDA:143,10,0,0
BRDA:143,10,1,0
BRDA:144,11,0,0
BRDA:144,11,1,0
BRDA:152,12,0,0
BRDA:152,12,1,0
BRDA:173,13,0,0
BRDA:173,13,1,2
BRDA:187,14,0,8
BRDA:187,14,1,0
BRDA:192,15,0,8
BRDA:192,15,1,0
BRDA:192,15,2,0
BRDA:218,16,0,8
BRDA:218,16,1,0
BRDA:234,17,0,8
BRDA:234,17,1,0
BRDA:275,18,0,2
BRDA:275,18,1,0
BRDA:275,19,0,0
BRDA:275,19,1,0
BRDA:278,20,0,8
BRDA:278,20,1,0
BRDA:285,21,0,8
BRDA:285,21,1,2
BRDA:291,22,0,0
BRDA:291,22,1,0
BRDA:291,23,0,0
BRDA:291,23,1,0
BRDA:308,24,0,8
BRDA:308,24,1,0
BRDA:315,25,0,0
BRDA:315,25,1,8
BRDA:354,26,0,8
BRDA:354,26,1,0
BRDA:367,27,0,8
BRDA:367,27,1,0
BRDA:380,28,0,0
BRDA:380,28,1,0
BRDA:380,29,0,0
BRDA:380,29,1,0
BRDA:395,30,0,8
BRDA:395,30,1,0
BRDA:418,31,0,0
BRDA:418,31,1,2
BRDA:420,32,0,0
BRDA:420,32,1,2
BRF:70
BRH:22
end_of_record
TN:
SF:src/features/promotions/components/PromotionStatsModal.tsx
FN:10,PromotionStatsModal
FNF:1
FNH:1
FNDA:4,PromotionStatsModal
DA:11,4
DA:13,0
LF:2
LH:1
BRDA:11,0,0,4
BRDA:11,0,1,0
BRDA:80,1,0,0
BRDA:80,1,1,0
BRDA:101,2,0,4
BRDA:101,2,1,0
BRDA:113,3,0,0
BRDA:113,3,1,0
BRDA:121,4,0,0
BRDA:121,4,1,0
BRF:10
BRH:2
end_of_record
TN:
SF:src/features/reports/ReportsPage.tsx
FN:9,ReportsPage
FNF:1
FNH:1
FNDA:5,ReportsPage
DA:10,5
DA:11,5
DA:13,5
LF:3
LH:3
BRF:0
BRH:0
end_of_record
TN:
SF:src/features/reports/components/ExportButton.tsx
FN:10,ExportButtonInner
FN:13,handleExport
FN:40,DisabledExportButton
FN:57,ExportButton
FNF:4
FNH:3
FNDA:3,ExportButtonInner
FNDA:0,handleExport
FNDA:1,DisabledExportButton
FNDA:4,ExportButton
DA:11,3
DA:14,0
DA:15,0
DA:16,0
DA:17,0
DA:18,0
DA:19,0
DA:20,0
DA:21,0
DA:22,0
DA:24,0
DA:28,3
DA:41,1
DA:58,4
LF:14
LH:4
BRDA:32,0,0,3
BRDA:32,0,1,3
BRDA:35,1,0,0
BRDA:35,1,1,3
BRDA:45,2,0,1
BRDA:45,2,1,1
BRF:6
BRH:5
end_of_record
TN:
SF:src/features/reports/components/KpiCards.tsx
FN:8,KpiCard
FN:29,KpiCards
FN:33,(anonymous_2)
FNF:3
FNH:3
FNDA:12,KpiCard
FNDA:4,KpiCards
FNDA:4,(anonymous_2)
DA:19,12
DA:30,4
DA:31,1
DA:34,4
DA:40,3
DA:42,3
LF:6
LH:6
BRDA:30,0,0,1
BRDA:30,0,1,3
BRDA:40,1,0,0
BRDA:40,1,1,3
BRF:4
BRH:3
end_of_record
TN:
SF:src/features/reports/components/RoleDistributionChart.tsx
FN:27,CustomTooltip
FN:44,RoleDistributionChart
FN:65,(anonymous_2)
FNF:3
FNH:2
FNDA:0,CustomTooltip
FNDA:4,RoleDistributionChart
FNDA:6,(anonymous_2)
DA:13,1
DA:20,1
DA:28,0
DA:29,0
DA:30,0
DA:45,4
DA:46,1
DA:49,3
DA:50,0
DA:57,3
DA:66,6
LF:11
LH:7
BRDA:28,0,0,0
BRDA:28,0,1,0
BRDA:28,1,0,0
BRDA:28,1,1,0
BRDA:45,2,0,1
BRDA:45,2,1,3
BRDA:49,3,0,0
BRDA:49,3,1,3
BRDA:68,4,0,6
BRDA:68,4,1,0
BRF:10
BRH:4
end_of_record
TN:
SF:src/features/reports/components/UsageTrendsChart.tsx
FN:23,formatDate
FN:28,TrendsChartInner
FN:35,(anonymous_2)
FN:38,(anonymous_3)
FN:62,(anonymous_4)
FN:92,UsageTrendsChart
FNF:6
FNH:3
FNDA:0,formatDate
FNDA:3,TrendsChartInner
FNDA:9,(anonymous_2)
FNDA:0,(anonymous_3)
FNDA:0,(anonymous_4)
FNDA:4,UsageTrendsChart
DA:17,1
DA:24,0
DA:25,0
DA:29,3
DA:30,3
DA:32,3
DA:36,9
DA:38,0
DA:62,0
DA:93,4
LF:10
LH:6
BRDA:41,0,0,3
BRDA:41,0,1,6
BRDA:51,1,0,0
BRDA:51,1,1,3
BRDA:56,2,0,3
BRDA:56,2,1,3
BRF:6
BRH:5
end_of_record
TN:
SF:src/features/roles/RolesPage.tsx
FN:10,RolesPage
FN:22,(anonymous_1)
FN:24,(anonymous_2)
FN:29,(anonymous_3)
FN:34,(anonymous_4)
FN:65,(anonymous_5)
FN:85,(anonymous_6)
FNF:7
FNH:4
FNDA:5,RolesPage
FNDA:7,(anonymous_1)
FNDA:0,(anonymous_2)
FNDA:1,(anonymous_3)
FNDA:0,(anonymous_4)
FNDA:0,(anonymous_5)
FNDA:7,(anonymous_6)
DA:11,5
DA:12,5
DA:13,5
DA:15,5
DA:16,5
DA:18,5
DA:19,5
DA:20,5
DA:22,7
DA:24,5
DA:25,0
DA:26,0
DA:29,5
DA:30,1
DA:31,1
DA:34,5
DA:35,0
DA:36,0
DA:39,5
DA:66,0
DA:86,7
LF:21
LH:16
BRDA:46,0,0,0
BRDA:46,0,1,5
BRDA:51,1,0,5
BRDA:51,1,1,5
BRDA:63,2,0,5
BRDA:63,2,1,0
BRDA:75,3,0,5
BRDA:75,3,1,5
BRDA:75,3,2,2
BRDA:83,4,0,5
BRDA:83,4,1,5
BRDA:83,4,2,3
BRF:12
BRH:10
end_of_record
TN:
SF:src/features/roles/components/PermissionsSelector.tsx
FN:15,PermissionsSelector
FN:19,(anonymous_1)
FN:23,(anonymous_2)
FN:29,(anonymous_3)
FN:38,(anonymous_4)
FN:40,(anonymous_5)
FN:46,(anonymous_6)
FN:47,(anonymous_7)
FN:48,(anonymous_8)
FN:50,(anonymous_9)
FN:52,(anonymous_10)
FN:57,(anonymous_11)
FN:58,(anonymous_12)
FN:70,(anonymous_13)
FN:80,(anonymous_14)
FN:81,(anonymous_15)
FN:82,(anonymous_16)
FN:83,(anonymous_17)
FN:92,(anonymous_18)
FN:104,(anonymous_19)
FN:107,(anonymous_20)
FN:114,(anonymous_21)
FN:121,(anonymous_22)
FN:129,(anonymous_23)
FNF:24
FNH:3
FNDA:4,PermissionsSelector
FNDA:1,(anonymous_1)
FNDA:0,(anonymous_2)
FNDA:1,(anonymous_3)
FNDA:0,(anonymous_4)
FNDA:0,(anonymous_5)
FNDA:0,(anonymous_6)
FNDA:0,(anonymous_7)
FNDA:0,(anonymous_8)
FNDA:0,(anonymous_9)
FNDA:0,(anonymous_10)
FNDA:0,(anonymous_11)
FNDA:0,(anonymous_12)
FNDA:0,(anonymous_13)
FNDA:0,(anonymous_14)
FNDA:0,(anonymous_15)
FNDA:0,(anonymous_16)
FNDA:0,(anonymous_17)
FNDA:0,(anonymous_18)
FNDA:0,(anonymous_19)
FNDA:0,(anonymous_20)
FNDA:0,(anonymous_21)
FNDA:0,(anonymous_22)
FNDA:0,(anonymous_23)
DA:16,4
DA:17,4
DA:19,4
DA:20,1
DA:21,1
DA:22,0
DA:24,0
DA:29,4
DA:30,1
DA:31,1
DA:32,0
DA:33,0
DA:35,1
DA:38,4
DA:39,0
DA:40,0
DA:42,0
DA:46,4
DA:47,0
DA:48,0
DA:49,0
DA:50,0
DA:52,0
DA:53,0
DA:57,4
DA:58,0
DA:61,4
DA:70,0
DA:81,0
DA:82,0
DA:83,0
DA:84,0
DA:86,0
DA:92,0
DA:105,0
DA:107,0
DA:114,0
DA:122,0
DA:129,0
LF:39
LH:13
BRDA:21,0,0,1
BRDA:21,0,1,0
BRDA:24,1,0,0
BRDA:24,1,1,0
BRDA:32,2,0,0
BRDA:32,2,1,0
BRDA:39,3,0,0
BRDA:39,3,1,0
BRDA:49,4,0,0
BRDA:49,4,1,0
BRDA:77,5,0,4
BRDA:77,5,1,4
BRDA:95,6,0,0
BRDA:95,6,1,0
BRDA:105,7,0,0
BRDA:105,7,1,0
BRDA:105,8,0,0
BRDA:105,8,1,0
BRDA:119,9,0,0
BRDA:119,9,1,0
BRF:20
BRH:3
end_of_record
TN:
SF:src/features/roles/components/RoleCard.tsx
FN:8,getRoleColor
FN:20,RoleCard
FN:24,(anonymous_2)
FN:25,(anonymous_3)
FN:26,(anonymous_4)
FN:90,(anonymous_5)
FNF:6
FNH:4
FNDA:9,getRoleColor
FNDA:9,RoleCard
FNDA:1,(anonymous_2)
FNDA:0,(anonymous_3)
FNDA:1,(anonymous_4)
FNDA:0,(anonymous_5)
DA:6,1
DA:9,9
DA:21,9
DA:22,9
DA:24,9
DA:25,9
DA:26,9
DA:27,1
DA:28,1
DA:31,9
DA:90,0
LF:11
LH:10
BRDA:43,0,0,9
BRDA:43,0,1,2
BRDA:49,1,0,9
BRDA:49,1,1,0
BRDA:57,2,0,9
BRDA:57,2,1,0
BRDA:61,3,0,2
BRDA:61,3,1,7
BRDA:66,4,0,9
BRDA:66,4,1,7
BRDA:68,5,0,1
BRDA:68,5,1,6
BRDA:88,6,0,6
BRDA:88,6,1,6
BRDA:97,7,0,6
BRDA:97,7,1,6
BRF:16
BRH:14
end_of_record
TN:
SF:src/features/roles/components/RoleModal.tsx
FN:25,RoleModal
FN:40,(anonymous_1)
FN:44,(anonymous_2)
FN:60,(anonymous_3)
FN:64,(anonymous_4)
FN:69,(anonymous_5)
FN:152,(anonymous_6)
FNF:7
FNH:3
FNDA:12,RoleModal
FNDA:5,(anonymous_1)
FNDA:0,(anonymous_2)
FNDA:1,(anonymous_3)
FNDA:0,(anonymous_4)
FNDA:0,(anonymous_5)
FNDA:0,(anonymous_6)
DA:12,1
DA:26,12
DA:27,12
DA:28,12
DA:29,12
DA:31,12
DA:38,12
DA:40,12
DA:41,5
DA:42,1
DA:43,0
DA:44,0
DA:46,1
DA:47,1
DA:52,12
DA:54,4
DA:55,12
DA:56,12
DA:57,12
DA:58,12
DA:60,12
DA:61,1
DA:62,0
DA:64,0
DA:67,1
DA:69,0
DA:74,12
DA:153,0
LF:28
LH:22
BRDA:41,0,0,1
BRDA:41,0,1,4
BRDA:42,1,0,0
BRDA:42,1,1,1
BRDA:52,2,0,8
BRDA:52,2,1,4
BRDA:54,3,0,0
BRDA:54,3,1,4
BRDA:61,4,0,0
BRDA:61,4,1,1
BRDA:82,5,0,0
BRDA:82,5,1,4
BRDA:96,6,0,12
BRDA:96,6,1,0
BRDA:101,7,0,12
BRDA:101,7,1,0
BRDA:106,8,0,12
BRDA:106,8,1,0
BRDA:106,8,2,0
BRDA:106,8,3,0
BRDA:123,9,0,12
BRDA:123,9,1,0
BRDA:150,10,0,0
BRDA:150,10,1,4
BRDA:180,11,0,0
BRDA:180,11,1,4
BRDA:180,12,0,0
BRDA:180,12,1,4
BRF:28
BRH:15
end_of_record
TN:
SF:src/features/roles/components/SystemRoleBadge.tsx
FN:3,SystemRoleBadge
FNF:1
FNH:1
FNDA:2,SystemRoleBadge
DA:4,2
LF:1
LH:1
BRF:0
BRH:0
end_of_record
TN:
SF:src/features/settings/SettingsPage.tsx
FN:18,SettingsPage
FN:37,(anonymous_1)
FN:43,(anonymous_2)
FNF:3
FNH:3
FNDA:5,SettingsPage
FNDA:20,(anonymous_1)
FNDA:2,(anonymous_2)
DA:19,5
DA:20,5
DA:22,5
DA:30,5
DA:38,20
DA:39,20
DA:40,20
DA:43,2
LF:8
LH:8
BRDA:25,0,0,0
BRDA:25,0,1,5
BRDA:45,1,0,5
BRDA:45,1,1,15
BRDA:59,2,0,5
BRDA:59,2,1,3
BRDA:60,3,0,5
BRDA:60,3,1,2
BRDA:61,4,0,5
BRDA:61,4,1,0
BRDA:61,4,2,0
BRDA:62,5,0,5
BRDA:62,5,1,0
BRDA:63,6,0,5
BRDA:63,6,1,0
BRF:15
BRH:10
end_of_record
TN:
SF:src/features/settings/tabs/InterfaceTab.tsx
FN:22,InterfaceTab
FN:24,(anonymous_1)
FN:25,(anonymous_2)
FN:71,(anonymous_3)
FN:84,(anonymous_4)
FN:87,(anonymous_5)
FN:100,(anonymous_6)
FN:103,(anonymous_7)
FNF:8
FNH:0
FNDA:0,InterfaceTab
FNDA:0,(anonymous_1)
FNDA:0,(anonymous_2)
FNDA:0,(anonymous_3)
FNDA:0,(anonymous_4)
FNDA:0,(anonymous_5)
FNDA:0,(anonymous_6)
FNDA:0,(anonymous_7)
DA:6,1
DA:16,1
DA:23,0
DA:24,0
DA:25,0
DA:26,0
DA:27,0
DA:28,0
DA:30,0
DA:71,0
DA:84,0
DA:88,0
DA:100,0
DA:104,0
LF:14
LH:2
BRDA:26,0,0,0
BRDA:26,0,1,0
BRDA:42,1,0,0
BRDA:42,1,1,0
BRDA:47,2,0,0
BRDA:47,2,1,0
BRDA:54,3,0,0
BRDA:54,3,1,0
BRDA:59,4,0,0
BRDA:59,4,1,0
BRF:10
BRH:0
end_of_record
TN:
SF:src/features/settings/tabs/NotificationsTab.tsx
FN:13,NotificationsTab
FN:17,(anonymous_1)
FN:19,(anonymous_2)
FN:53,(anonymous_3)
FN:53,(anonymous_4)
FN:64,(anonymous_5)
FN:64,(anonymous_6)
FN:75,(anonymous_7)
FN:75,(anonymous_8)
FN:91,(anonymous_9)
FN:98,(anonymous_10)
FN:98,(anonymous_11)
FNF:12
FNH:0
FNDA:0,NotificationsTab
FNDA:0,(anonymous_1)
FNDA:0,(anonymous_2)
FNDA:0,(anonymous_3)
FNDA:0,(anonymous_4)
FNDA:0,(anonymous_5)
FNDA:0,(anonymous_6)
FNDA:0,(anonymous_7)
FNDA:0,(anonymous_8)
FNDA:0,(anonymous_9)
FNDA:0,(anonymous_10)
FNDA:0,(anonymous_11)
DA:5,1
DA:14,0
DA:15,0
DA:17,0
DA:18,0
DA:19,0
DA:22,0
DA:53,0
DA:64,0
DA:75,0
DA:92,0
DA:98,0
LF:12
LH:1
BRDA:107,0,0,0
BRDA:107,0,1,0
BRF:2
BRH:0
end_of_record
TN:
SF:src/features/settings/tabs/OrganizationTab.tsx
FN:16,OrganizationTab
FN:17,(anonymous_1)
FN:33,(anonymous_2)
FN:82,(anonymous_3)
FN:86,(anonymous_4)
FNF:5
FNH:0
FNDA:0,OrganizationTab
FNDA:0,(anonymous_1)
FNDA:0,(anonymous_2)
FNDA:0,(anonymous_3)
FNDA:0,(anonymous_4)
DA:9,1
DA:11,1
DA:17,0
DA:18,0
DA:19,0
DA:25,0
DA:33,0
DA:34,0
DA:37,0
DA:83,0
DA:86,0
LF:11
LH:2
BRDA:28,0,0,0
BRDA:28,0,1,0
BRDA:54,1,0,0
BRDA:54,1,1,0
BRDA:65,2,0,0
BRDA:65,2,1,0
BRDA:88,3,0,0
BRDA:88,3,1,0
BRDA:98,4,0,0
BRDA:98,4,1,0
BRDA:102,5,0,0
BRDA:102,5,1,0
BRDA:112,6,0,0
BRDA:112,6,1,0
BRF:14
BRH:0
end_of_record
TN:
SF:src/features/settings/tabs/ProfileTab.tsx
FN:15,ProfileTab
FN:16,(anonymous_1)
FN:33,(anonymous_2)
FN:35,(anonymous_3)
FN:39,(anonymous_4)
FN:131,(anonymous_5)
FNF:6
FNH:2
FNDA:6,ProfileTab
FNDA:6,(anonymous_1)
FNDA:0,(anonymous_2)
FNDA:0,(anonymous_3)
FNDA:0,(anonymous_4)
FNDA:0,(anonymous_5)
DA:10,1
DA:16,6
DA:17,6
DA:18,6
DA:25,6
DA:33,6
DA:34,0
DA:35,0
DA:39,6
DA:40,0
DA:41,0
DA:42,0
DA:46,6
DA:131,0
LF:14
LH:8
BRDA:28,0,0,6
BRDA:28,0,1,0
BRDA:29,1,0,6
BRDA:29,1,1,0
BRDA:41,2,0,0
BRDA:41,2,1,0
BRDA:56,3,0,0
BRDA:56,3,1,6
BRDA:91,4,0,6
BRDA:91,4,1,0
BRDA:104,5,0,6
BRDA:104,5,1,0
BRDA:117,6,0,6
BRDA:117,6,1,0
BRDA:124,7,0,6
BRDA:124,7,1,0
BRDA:132,8,0,6
BRDA:132,8,1,0
BRDA:139,9,0,6
BRDA:139,9,1,6
BRDA:142,10,0,0
BRDA:142,10,1,6
BRF:22
BRH:11
end_of_record
TN:
SF:src/features/settings/tabs/SecurityTab.tsx
FN:18,(anonymous_0)
FN:25,SecurityTab
FN:26,(anonymous_2)
FN:42,(anonymous_3)
FN:46,(anonymous_4)
FN:49,(anonymous_5)
FN:55,(anonymous_6)
FN:57,(anonymous_7)
FN:162,(anonymous_8)
FNF:9
FNH:5
FNDA:1,(anonymous_0)
FNDA:6,SecurityTab
FNDA:6,(anonymous_2)
FNDA:0,(anonymous_3)
FNDA:0,(anonymous_4)
FNDA:0,(anonymous_5)
FNDA:1,(anonymous_6)
FNDA:1,(anonymous_7)
FNDA:0,(anonymous_8)
DA:12,1
DA:18,1
DA:26,6
DA:27,6
DA:28,6
DA:29,6
DA:30,6
DA:31,6
DA:38,6
DA:42,6
DA:43,0
DA:47,0
DA:48,0
DA:49,0
DA:55,6
DA:56,1
DA:57,1
DA:61,6
DA:162,0
LF:19
LH:14
BRDA:87,0,0,6
BRDA:87,0,1,0
BRDA:102,1,0,6
BRDA:102,1,1,0
BRDA:117,2,0,6
BRDA:117,2,1,1
BRDA:122,3,0,6
BRDA:122,3,1,0
BRDA:126,4,0,6
BRDA:126,4,1,0
BRDA:138,5,0,0
BRDA:138,5,1,6
BRDA:150,6,0,0
BRDA:150,6,1,6
BRDA:166,7,0,0
BRDA:166,7,1,0
BRDA:169,8,0,1
BRDA:169,8,1,5
BRDA:190,9,0,0
BRDA:190,9,1,5
BRF:20
BRH:11
end_of_record
TN:
SF:src/features/subscriptions/SubscriptionPage.tsx
FN:15,SubscriptionPage
FN:25,(anonymous_1)
FN:27,(anonymous_2)
FN:32,(anonymous_3)
FN:34,(anonymous_4)
FN:65,(anonymous_5)
FN:94,(anonymous_6)
FNF:7
FNH:1
FNDA:3,SubscriptionPage
FNDA:0,(anonymous_1)
FNDA:0,(anonymous_2)
FNDA:0,(anonymous_3)
FNDA:0,(anonymous_4)
FNDA:0,(anonymous_5)
FNDA:0,(anonymous_6)
DA:16,3
DA:17,3
DA:19,3
DA:20,3
DA:21,3
DA:23,3
DA:25,3
DA:27,3
DA:28,0
DA:29,0
DA:32,3
DA:33,0
DA:34,0
DA:38,3
DA:94,0
LF:15
LH:10
BRDA:25,0,0,0
BRDA:25,0,1,3
BRDA:25,1,0,0
BRDA:25,1,1,0
BRDA:28,2,0,0
BRDA:28,2,1,0
BRDA:48,3,0,3
BRDA:48,3,1,1
BRDA:76,4,0,3
BRDA:76,4,1,3
BRDA:82,5,0,3
BRDA:82,5,1,2
BRF:12
BRH:7
end_of_record
TN:
SF:src/features/subscriptions/plans-data.ts
FNF:0
FNH:0
DA:3,1
LF:1
LH:1
BRF:0
BRH:0
end_of_record
TN:
SF:src/features/subscriptions/components/BillingCycleToggle.tsx
FN:8,BillingCycleToggle
FN:13,(anonymous_1)
FN:24,(anonymous_2)
FNF:3
FNH:1
FNDA:3,BillingCycleToggle
FNDA:0,(anonymous_1)
FNDA:0,(anonymous_2)
DA:9,3
DA:13,0
DA:24,0
LF:3
LH:1
BRDA:15,0,0,3
BRDA:15,0,1,0
BRDA:26,1,0,0
BRDA:26,1,1,3
BRF:4
BRH:2
end_of_record
TN:
SF:src/features/subscriptions/components/CurrentPlanCard.tsx
FN:19,formatDate
FN:28,CurrentPlanCard
FN:40,(anonymous_2)
FNF:3
FNH:3
FNDA:3,formatDate
FNDA:3,CurrentPlanCard
FNDA:7,(anonymous_2)
DA:5,1
DA:20,3
DA:21,3
DA:29,3
DA:30,0
DA:40,7
DA:41,3
DA:42,3
DA:44,3
LF:9
LH:8
BRDA:20,0,0,0
BRDA:20,0,1,3
BRDA:29,1,0,0
BRDA:29,1,1,3
BRDA:41,2,0,3
BRDA:41,2,1,0
BRDA:42,3,0,0
BRDA:42,3,1,3
BRDA:46,4,0,3
BRDA:46,4,1,0
BRDA:56,5,0,3
BRDA:56,5,1,0
BRDA:62,6,0,3
BRDA:62,6,1,0
BRDA:62,7,0,3
BRDA:62,7,1,3
BRDA:73,8,0,3
BRDA:73,8,1,3
BRDA:76,9,0,0
BRDA:76,9,1,3
BRDA:81,10,0,3
BRDA:81,10,1,2
BRF:22
BRH:14
end_of_record
TN:
SF:src/features/subscriptions/components/InvoicePreview.tsx
FN:12,formatDate
FN:22,InvoicePreview
FN:31,(anonymous_2)
FN:40,(anonymous_3)
FN:57,(anonymous_4)
FNF:5
FNH:1
FNDA:0,formatDate
FNDA:3,InvoicePreview
FNDA:0,(anonymous_2)
FNDA:0,(anonymous_3)
FNDA:0,(anonymous_4)
DA:5,1
DA:13,0
DA:14,0
DA:23,3
DA:24,3
DA:26,3
DA:31,0
DA:41,0
DA:58,0
DA:59,0
LF:10
LH:4
BRDA:13,0,0,0
BRDA:13,0,1,0
BRDA:38,1,0,0
BRDA:38,1,1,3
BRDA:51,2,0,3
BRDA:51,2,1,0
BRDA:58,3,0,0
BRDA:58,3,1,0
BRDA:70,4,0,0
BRDA:70,4,1,0
BRDA:70,4,2,0
BRDA:84,5,0,0
BRDA:84,5,1,0
BRF:13
BRH:2
end_of_record
TN:
SF:src/features/subscriptions/components/PlanCard.tsx
FN:12,PlanCard
FN:59,(anonymous_1)
FN:96,(anonymous_2)
FNF:3
FNH:2
FNDA:12,PlanCard
FNDA:108,(anonymous_1)
FNDA:0,(anonymous_2)
DA:13,12
DA:14,12
DA:15,12
DA:17,12
DA:60,108
DA:96,0
LF:6
LH:5
BRDA:14,0,0,12
BRDA:14,0,1,0
BRDA:20,1,0,3
BRDA:20,1,1,9
BRDA:22,2,0,1
BRDA:22,2,1,8
BRDA:27,3,0,12
BRDA:27,3,1,9
BRDA:27,3,2,4
BRDA:29,4,0,3
BRDA:29,4,1,1
BRDA:46,5,0,9
BRDA:46,5,1,3
BRDA:50,6,0,9
BRDA:50,6,1,0
BRDA:61,7,0,81
BRDA:61,7,1,27
BRDA:68,8,0,81
BRDA:68,8,1,27
BRDA:79,9,0,3
BRDA:79,9,1,9
BRDA:86,10,0,3
BRDA:86,10,1,6
BRDA:98,11,0,0
BRDA:98,11,1,6
BRDA:99,12,0,0
BRDA:99,12,1,0
BRF:27
BRH:22
end_of_record
TN:
SF:src/features/subscriptions/components/PlanComparisonGrid.tsx
FN:14,PlanComparisonGrid
FN:28,(anonymous_1)
FNF:2
FNH:2
FNDA:3,PlanComparisonGrid
FNDA:12,(anonymous_1)
DA:21,3
DA:29,12
LF:2
LH:2
BRF:0
BRH:0
end_of_record
TN:
SF:src/features/subscriptions/components/UpgradePlanModal.tsx
FN:13,UpgradePlanModal
FN:26,(anonymous_1)
FNF:2
FNH:1
FNDA:3,UpgradePlanModal
FNDA:0,(anonymous_1)
DA:21,3
DA:23,0
DA:24,3
DA:26,3
DA:27,0
DA:30,3
LF:6
LH:4
BRDA:21,0,0,3
BRDA:21,0,1,0
BRDA:21,1,0,3
BRDA:21,1,1,0
BRDA:23,2,0,0
BRDA:23,2,1,0
BRDA:24,3,0,0
BRDA:24,3,1,0
BRDA:56,4,0,0
BRDA:56,4,1,0
BRDA:56,5,0,0
BRDA:56,5,1,0
BRDA:78,6,0,3
BRDA:78,6,1,0
BRF:14
BRH:3
end_of_record
TN:
SF:src/features/subscriptions/components/UsageMeters.tsx
FN:10,getMeterColor
FN:16,UsageMeter
FN:17,(anonymous_2)
FN:51,UsageMeters
FN:55,(anonymous_4)
FN:76,(anonymous_5)
FN:82,(anonymous_6)
FNF:7
FNH:6
FNDA:9,getMeterColor
FNDA:9,UsageMeter
FNDA:6,(anonymous_2)
FNDA:3,UsageMeters
FNDA:0,(anonymous_4)
FNDA:6,(anonymous_5)
FNDA:6,(anonymous_6)
DA:11,9
DA:12,9
DA:13,6
DA:17,9
DA:18,9
DA:19,9
DA:20,9
DA:22,9
DA:52,3
DA:53,0
DA:56,0
DA:65,3
DA:76,6
DA:82,6
LF:14
LH:12
BRDA:11,0,0,0
BRDA:11,0,1,9
BRDA:12,1,0,3
BRDA:12,1,1,6
BRDA:17,2,0,9
BRDA:17,2,1,6
BRDA:19,3,0,0
BRDA:19,3,1,9
BRDA:20,4,0,0
BRDA:20,4,1,9
BRDA:27,5,0,0
BRDA:27,5,1,9
BRDA:52,6,0,0
BRDA:52,6,1,3
BRDA:52,7,0,3
BRDA:52,7,1,3
BRF:16
BRH:11
end_of_record
TN:
SF:src/features/support/SupportPage.tsx
FN:15,SupportPage
FN:32,(anonymous_1)
FN:34,(anonymous_2)
FN:35,(anonymous_3)
FN:36,(anonymous_4)
FN:44,(anonymous_5)
FN:48,(anonymous_6)
FN:62,(anonymous_7)
FN:66,(anonymous_8)
FN:136,(anonymous_9)
FN:139,(anonymous_10)
FN:178,(anonymous_11)
FNF:12
FNH:9
FNDA:6,SupportPage
FNDA:4,(anonymous_1)
FNDA:12,(anonymous_2)
FNDA:12,(anonymous_3)
FNDA:12,(anonymous_4)
FNDA:4,(anonymous_5)
FNDA:12,(anonymous_6)
FNDA:0,(anonymous_7)
FNDA:2,(anonymous_8)
FNDA:12,(anonymous_9)
FNDA:0,(anonymous_10)
FNDA:0,(anonymous_11)
DA:12,1
DA:13,1
DA:16,6
DA:17,6
DA:19,6
DA:20,6
DA:21,6
DA:22,6
DA:23,6
DA:24,6
DA:26,6
DA:27,6
DA:29,6
DA:30,6
DA:32,6
DA:33,4
DA:34,12
DA:35,12
DA:36,4
DA:37,12
DA:38,4
DA:40,4
DA:44,6
DA:45,4
DA:46,4
DA:48,4
DA:49,12
DA:51,12
DA:55,12
DA:56,12
DA:57,12
DA:58,12
DA:62,6
DA:63,0
DA:66,6
DA:67,2
DA:70,6
DA:137,12
DA:139,0
DA:178,0
LF:40
LH:37
BRDA:37,0,0,8
BRDA:37,0,1,4
BRDA:45,1,0,4
BRDA:45,1,1,0
BRDA:51,2,0,12
BRDA:51,2,1,0
BRDA:51,2,2,0
BRDA:51,2,3,0
BRDA:55,3,0,12
BRDA:55,3,1,0
BRDA:56,4,0,12
BRDA:56,4,1,0
BRDA:57,5,0,12
BRDA:57,5,1,0
BRDA:58,6,0,12
BRDA:58,6,1,8
BRDA:58,6,2,8
BRDA:58,6,3,8
BRDA:58,6,4,8
BRDA:76,7,0,0
BRDA:76,7,1,6
BRDA:141,8,0,6
BRDA:141,8,1,6
BRDA:146,9,0,6
BRDA:146,9,1,6
BRF:25
BRH:17
end_of_record
TN:
SF:src/features/support/components/AssignAgentModal.tsx
FN:14,AssignAgentModal
FN:26,(anonymous_1)
FN:56,(anonymous_2)
FN:60,(anonymous_3)
FNF:4
FNH:1
FNDA:2,AssignAgentModal
FNDA:0,(anonymous_1)
FNDA:0,(anonymous_2)
FNDA:0,(anonymous_3)
DA:20,2
DA:21,2
DA:22,2
DA:24,2
DA:26,0
DA:27,0
DA:33,0
DA:56,0
DA:61,0
LF:9
LH:4
BRDA:22,0,0,2
BRDA:22,0,1,2
BRDA:24,1,0,2
BRDA:24,1,1,0
BRDA:28,2,0,0
BRDA:28,2,1,0
BRF:6
BRH:3
end_of_record
TN:
SF:src/features/support/components/CommentInput.tsx
FN:11,CommentInput
FN:15,(anonymous_1)
FN:21,(anonymous_2)
FN:35,(anonymous_3)
FNF:4
FNH:1
FNDA:2,CommentInput
FNDA:0,(anonymous_1)
FNDA:0,(anonymous_2)
FNDA:0,(anonymous_3)
DA:12,2
DA:13,2
DA:15,2
DA:16,0
DA:17,0
DA:18,0
DA:22,0
DA:23,0
DA:29,2
DA:35,0
LF:10
LH:4
BRDA:17,0,0,0
BRDA:17,0,1,0
BRDA:41,1,0,2
BRDA:41,1,1,0
BRDA:44,2,0,0
BRDA:44,2,1,2
BRF:6
BRH:2
end_of_record
TN:
SF:src/features/support/components/CommentThread.tsx
FN:3,relativeTime
FN:20,CommentThread
FN:24,(anonymous_2)
FN:48,(anonymous_3)
FNF:4
FNH:3
FNDA:4,relativeTime
FNDA:2,CommentThread
FNDA:0,(anonymous_2)
FNDA:4,(anonymous_3)
DA:4,4
DA:5,4
DA:6,4
DA:7,4
DA:8,0
DA:9,0
DA:11,4
DA:12,4
DA:21,2
DA:22,0
DA:25,0
DA:38,2
DA:39,0
DA:46,2
DA:49,4
DA:50,4
DA:54,4
LF:17
LH:12
BRDA:5,0,0,0
BRDA:5,0,1,4
BRDA:6,1,0,0
BRDA:6,1,1,4
BRDA:7,2,0,0
BRDA:7,2,1,4
BRDA:9,3,0,0
BRDA:9,3,1,0
BRDA:12,4,0,4
BRDA:12,4,1,0
BRDA:21,5,0,0
BRDA:21,5,1,2
BRDA:38,6,0,0
BRDA:38,6,1,2
BRDA:50,7,0,2
BRDA:50,7,1,2
BRDA:66,8,0,2
BRDA:66,8,1,2
BRF:18
BRH:10
end_of_record
TN:
SF:src/features/support/components/PriorityBadge.tsx
FN:30,PriorityBadge
FNF:1
FNH:1
FNDA:14,PriorityBadge
DA:3,1
DA:31,14
DA:32,14
LF:3
LH:3
BRF:0
BRH:0
end_of_record
TN:
SF:src/features/support/components/TicketDetailView.tsx
FN:20,TicketDetailView
FN:60,(anonymous_1)
FN:141,(anonymous_2)
FN:159,(anonymous_3)
FN:168,(anonymous_4)
FN:220,(anonymous_5)
FNF:6
FNH:2
FNDA:6,TicketDetailView
FNDA:0,(anonymous_1)
FNDA:0,(anonymous_2)
FNDA:0,(anonymous_3)
FNDA:1,(anonymous_4)
FNDA:0,(anonymous_5)
DA:21,6
DA:22,6
DA:23,6
DA:24,6
DA:26,6
DA:28,2
DA:61,0
DA:142,0
DA:159,0
DA:168,1
DA:220,0
LF:11
LH:7
BRDA:26,0,0,4
BRDA:26,0,1,2
BRDA:42,1,0,2
BRDA:42,1,1,0
BRDA:54,2,0,0
BRDA:54,2,1,2
BRDA:68,3,0,2
BRDA:68,3,1,0
BRDA:109,4,0,2
BRDA:109,4,1,2
BRDA:125,5,0,0
BRDA:125,5,1,2
BRDA:134,6,0,2
BRDA:134,6,1,2
BRDA:134,6,2,2
BRDA:155,7,0,2
BRDA:155,7,1,2
BRDA:157,8,0,2
BRDA:157,8,1,2
BRDA:166,9,0,2
BRDA:166,9,1,2
BRDA:179,10,0,2
BRDA:179,10,1,0
BRDA:195,11,0,2
BRDA:195,11,1,2
BRDA:215,12,0,6
BRDA:215,12,1,2
BRF:27
BRH:22
end_of_record
TN:
SF:src/features/support/components/TicketFilters.tsx
FN:23,TicketFilters
FN:41,(anonymous_1)
FN:48,(anonymous_2)
FN:61,(anonymous_3)
FN:73,(anonymous_4)
FNF:5
FNH:1
FNDA:6,TicketFilters
FNDA:0,(anonymous_1)
FNDA:0,(anonymous_2)
FNDA:0,(anonymous_3)
FNDA:0,(anonymous_4)
DA:4,1
DA:33,6
DA:41,0
DA:48,0
DA:61,0
DA:73,0
LF:6
LH:2
BRF:0
BRH:0
end_of_record
TN:
SF:src/features/support/components/TicketQueue.tsx
FN:17,TicketQueue
FN:59,(anonymous_1)
FN:91,(anonymous_2)
FN:94,(anonymous_3)
FN:135,(anonymous_4)
FN:135,(anonymous_5)
FN:145,(anonymous_6)
FN:145,(anonymous_7)
FNF:8
FNH:3
FNDA:6,TicketQueue
FNDA:0,(anonymous_1)
FNDA:12,(anonymous_2)
FNDA:2,(anonymous_3)
FNDA:0,(anonymous_4)
FNDA:0,(anonymous_5)
FNDA:0,(anonymous_6)
FNDA:0,(anonymous_7)
DA:8,1
DA:23,6
DA:25,6
DA:26,6
DA:27,6
DA:29,6
DA:60,0
DA:92,12
DA:94,2
DA:135,0
DA:145,0
LF:11
LH:8
BRDA:58,0,0,0
BRDA:58,0,1,6
BRDA:84,1,0,0
BRDA:84,1,1,6
BRDA:96,2,0,2
BRDA:96,2,1,10
BRDA:117,3,0,12
BRDA:117,3,1,6
BRDA:128,4,0,6
BRDA:128,4,1,6
BRDA:128,4,2,0
BRF:11
BRH:8
end_of_record
TN:
SF:src/features/support/components/TicketStatusBadge.tsx
FN:35,TicketStatusBadge
FNF:1
FNH:1
FNDA:12,TicketStatusBadge
DA:3,1
DA:36,12
DA:37,12
LF:3
LH:3
BRF:0
BRH:0
end_of_record
TN:
SF:src/features/users/UsersPage.tsx
FN:15,UsersPage
FN:30,(anonymous_1)
FN:42,(anonymous_2)
FN:47,(anonymous_3)
FN:52,(anonymous_4)
FN:56,(anonymous_5)
FN:76,(anonymous_6)
FN:101,(anonymous_7)
FN:114,(anonymous_8)
FN:114,(anonymous_9)
FN:124,(anonymous_10)
FN:124,(anonymous_11)
FN:138,(anonymous_12)
FN:145,(anonymous_13)
FN:146,(anonymous_14)
FNF:15
FNH:4
FNDA:10,UsersPage
FNDA:42,(anonymous_1)
FNDA:5,(anonymous_2)
FNDA:0,(anonymous_3)
FNDA:0,(anonymous_4)
FNDA:0,(anonymous_5)
FNDA:1,(anonymous_6)
FNDA:0,(anonymous_7)
FNDA:0,(anonymous_8)
FNDA:0,(anonymous_9)
FNDA:0,(anonymous_10)
FNDA:0,(anonymous_11)
FNDA:0,(anonymous_12)
FNDA:0,(anonymous_13)
FNDA:0,(anonymous_14)
DA:13,1
DA:16,10
DA:17,10
DA:18,10
DA:20,10
DA:21,10
DA:22,10
DA:23,10
DA:24,10
DA:25,10
DA:27,10
DA:28,10
DA:30,10
DA:31,42
DA:32,42
DA:34,42
DA:35,42
DA:38,10
DA:39,10
DA:40,10
DA:42,10
DA:43,5
DA:44,5
DA:47,10
DA:48,0
DA:49,0
DA:52,10
DA:53,0
DA:56,10
DA:57,0
DA:58,0
DA:61,10
DA:62,10
DA:64,10
DA:76,1
DA:101,0
DA:114,0
DA:124,0
DA:138,0
DA:145,0
DA:146,0
LF:41
LH:30
BRDA:32,0,0,42
BRDA:32,0,1,18
BRDA:34,1,0,42
BRDA:34,1,1,0
BRDA:34,2,0,0
BRDA:34,2,1,0
BRDA:35,3,0,42
BRDA:35,3,1,26
BRDA:61,4,0,0
BRDA:61,4,1,10
BRDA:71,5,0,0
BRDA:71,5,1,10
BRDA:74,6,0,10
BRDA:74,6,1,9
BRDA:107,7,0,10
BRDA:107,7,1,10
BRDA:107,7,2,0
BRF:17
BRH:11
end_of_record
TN:
SF:src/features/users/components/EditUserModal.tsx
FN:21,EditUserModal
FN:31,(anonymous_1)
FN:39,(anonymous_2)
FN:43,(anonymous_3)
FNF:4
FNH:2
FNDA:14,EditUserModal
FNDA:4,(anonymous_1)
FNDA:0,(anonymous_2)
FNDA:0,(anonymous_3)
DA:9,1
DA:22,14
DA:29,14
DA:31,14
DA:32,4
DA:33,0
DA:37,14
DA:39,0
DA:40,0
DA:44,0
DA:50,0
LF:11
LH:6
BRDA:32,0,0,0
BRDA:32,0,1,4
BRDA:37,1,0,14
BRDA:37,1,1,0
BRDA:68,2,0,0
BRDA:68,2,1,0
BRDA:84,3,0,14
BRDA:84,3,1,0
BRDA:99,4,0,14
BRDA:99,4,1,0
BRDA:118,5,0,0
BRDA:118,5,1,0
BRF:12
BRH:4
end_of_record
TN:
SF:src/features/users/components/InviteUserModal.tsx
FN:20,InviteUserModal
FN:33,(anonymous_1)
FN:37,(anonymous_2)
FN:111,(anonymous_3)
FNF:4
FNH:2
FNDA:16,InviteUserModal
FNDA:1,(anonymous_1)
FNDA:0,(anonymous_2)
FNDA:0,(anonymous_3)
DA:8,1
DA:21,16
DA:22,16
DA:29,16
DA:31,16
DA:33,3
DA:34,1
DA:38,0
DA:39,0
DA:45,3
DA:46,16
DA:48,16
DA:112,0
LF:13
LH:10
BRDA:31,0,0,13
BRDA:31,0,1,3
BRDA:35,1,0,1
BRDA:35,1,1,1
BRDA:72,2,0,16
BRDA:72,2,1,0
BRDA:79,3,0,16
BRDA:79,3,1,0
BRDA:79,3,2,0
BRDA:79,3,3,0
BRDA:96,4,0,16
BRDA:96,4,1,0
BRDA:133,5,0,0
BRDA:133,5,1,3
BRF:14
BRH:8
end_of_record
TN:
SF:src/features/users/components/UserDetailPanel.tsx
FN:12,getStatusLabel
FN:18,UserDetailPanel
FN:51,(anonymous_2)
FN:96,(anonymous_3)
FN:113,(anonymous_4)
FN:120,(anonymous_5)
FNF:6
FNH:1
FNDA:0,getStatusLabel
FNDA:10,UserDetailPanel
FNDA:0,(anonymous_2)
FNDA:0,(anonymous_3)
FNDA:0,(anonymous_4)
FNDA:0,(anonymous_5)
DA:13,0
DA:14,0
DA:15,0
DA:19,10
DA:21,0
DA:51,0
DA:97,0
DA:113,0
DA:120,0
LF:9
LH:1
BRDA:13,0,0,0
BRDA:13,0,1,0
BRDA:14,1,0,0
BRDA:14,1,1,0
BRDA:19,2,0,10
BRDA:19,2,1,0
BRDA:70,3,0,0
BRDA:70,3,1,0
BRDA:92,4,0,0
BRDA:92,4,1,0
BRDA:110,5,0,10
BRDA:110,5,1,0
BRDA:122,6,0,0
BRDA:122,6,1,0
BRDA:127,7,0,0
BRDA:127,7,1,0
BRF:16
BRH:2
end_of_record
TN:
SF:src/features/users/components/UserFilters.tsx
FN:11,UserFilters
FN:26,(anonymous_1)
FN:33,(anonymous_2)
FNF:3
FNH:2
FNDA:10,UserFilters
FNDA:5,(anonymous_1)
FNDA:0,(anonymous_2)
DA:18,10
DA:26,5
DA:33,0
LF:3
LH:2
BRF:0
BRH:0
end_of_record
TN:
SF:src/features/users/components/UsersTable.tsx
FN:4,getStatusInfo
FN:10,UserAvatar
FN:14,(anonymous_2)
FN:24,SkeletonRow
FN:27,(anonymous_4)
FN:45,UsersTable
FN:61,(anonymous_6)
FN:72,(anonymous_7)
FN:88,(anonymous_8)
FN:116,(anonymous_9)
FN:125,(anonymous_10)
FN:132,(anonymous_11)
FNF:12
FNH:6
FNDA:26,getStatusInfo
FNDA:26,UserAvatar
FNDA:52,(anonymous_2)
FNDA:0,SkeletonRow
FNDA:0,(anonymous_4)
FNDA:10,UsersTable
FNDA:0,(anonymous_6)
FNDA:26,(anonymous_7)
FNDA:22,(anonymous_8)
FNDA:0,(anonymous_9)
FNDA:0,(anonymous_10)
FNDA:0,(anonymous_11)
DA:5,26
DA:6,20
DA:7,14
DA:11,26
DA:14,52
DA:17,26
DA:25,0
DA:28,0
DA:46,10
DA:61,0
DA:73,26
DA:74,26
DA:89,22
DA:116,0
DA:125,0
DA:132,0
LF:16
LH:10
BRDA:5,0,0,6
BRDA:5,0,1,20
BRDA:6,1,0,6
BRDA:6,1,1,14
BRDA:61,2,0,10
BRDA:61,2,1,0
BRDA:63,3,0,10
BRDA:63,3,1,10
BRDA:63,3,2,0
BRDA:71,4,0,10
BRDA:71,4,1,10
BRDA:102,5,0,20
BRDA:102,5,1,6
BRDA:103,6,0,20
BRDA:103,6,1,6
BRDA:122,7,0,26
BRDA:122,7,1,23
BRDA:133,8,0,18
BRDA:133,8,1,5
BRDA:136,9,0,18
BRDA:136,9,1,5
BRF:21
BRH:19
end_of_record
TN:
SF:src/hooks/useFeatureGate.ts
FN:15,useFeatureGate
FN:18,(anonymous_1)
FN:18,(anonymous_2)
FN:22,(anonymous_3)
FN:24,(anonymous_4)
FNF:5
FNH:5
FNDA:9,useFeatureGate
FNDA:5,(anonymous_1)
FNDA:4,(anonymous_2)
FNDA:3,(anonymous_3)
FNDA:2,(anonymous_4)
DA:16,9
DA:18,5
DA:22,9
DA:24,9
DA:25,2
DA:27,9
LF:6
LH:6
BRDA:25,0,0,2
BRDA:25,0,1,1
BRF:2
BRH:2
end_of_record
TN:
SF:src/hooks/useIntersectionObserver.ts
FN:3,useIntersectionObserver
FN:10,(anonymous_1)
FN:14,(anonymous_2)
FN:16,(anonymous_3)
FNF:4
FNH:3
FNDA:4,useIntersectionObserver
FNDA:3,(anonymous_1)
FNDA:0,(anonymous_2)
FNDA:3,(anonymous_3)
DA:7,4
DA:8,4
DA:10,4
DA:11,3
DA:12,3
DA:14,3
DA:15,3
DA:16,3
DA:19,4
LF:9
LH:9
BRDA:12,0,0,0
BRDA:12,0,1,3
BRF:2
BRH:1
end_of_record
TN:
SF:src/hooks/usePermissions.ts
FN:26,usePermissions
FN:27,(anonymous_1)
FN:28,(anonymous_2)
FN:30,(anonymous_3)
FN:33,(anonymous_4)
FN:41,(anonymous_5)
FN:43,(anonymous_6)
FNF:7
FNH:7
FNDA:30,usePermissions
FNDA:109,(anonymous_1)
FNDA:109,(anonymous_2)
FNDA:29,(anonymous_3)
FNDA:58,(anonymous_4)
FNDA:4,(anonymous_5)
FNDA:2,(anonymous_6)
DA:14,1
DA:27,109
DA:28,109
DA:30,30
DA:31,29
DA:33,30
DA:34,58
DA:36,30
DA:37,30
DA:38,30
DA:39,30
DA:41,30
DA:43,30
DA:45,30
LF:14
LH:14
BRDA:28,0,0,109
BRDA:28,0,1,64
BRDA:31,1,0,29
BRDA:31,1,1,12
BRDA:34,2,0,58
BRDA:34,2,1,24
BRDA:37,3,0,30
BRDA:37,3,1,28
BRDA:38,4,0,30
BRDA:38,4,1,27
BRDA:39,5,0,30
BRDA:39,5,1,12
BRDA:41,6,0,4
BRDA:41,6,1,1
BRDA:43,7,0,2
BRDA:43,7,1,1
BRF:16
BRH:16
end_of_record
TN:
SF:src/layouts/AppLayout.tsx
FN:6,AppLayout
FN:18,(anonymous_1)
FNF:2
FNH:1
FNDA:4,AppLayout
FNDA:0,(anonymous_1)
DA:7,4
DA:9,4
DA:18,0
LF:3
LH:2
BRDA:15,0,0,4
BRDA:15,0,1,4
BRF:2
BRH:2
end_of_record
TN:
SF:src/layouts/components/LanguageSwitcher.tsx
FN:3,LanguageSwitcher
FN:10,(anonymous_1)
FN:21,(anonymous_2)
FNF:3
FNH:1
FNDA:4,LanguageSwitcher
FNDA:0,(anonymous_1)
FNDA:0,(anonymous_2)
DA:4,4
DA:5,4
DA:7,4
DA:10,0
DA:21,0
LF:5
LH:3
BRDA:5,0,0,4
BRDA:5,0,1,0
BRDA:12,1,0,4
BRDA:12,1,1,0
BRDA:23,2,0,0
BRDA:23,2,1,4
BRF:6
BRH:3
end_of_record
TN:
SF:src/layouts/components/Navbar.tsx
FN:15,Navbar
FN:19,(anonymous_1)
FN:20,(anonymous_2)
FN:29,(anonymous_3)
FN:31,(anonymous_4)
FN:105,(anonymous_5)
FN:142,(anonymous_6)
FN:148,(anonymous_7)
FN:177,(anonymous_8)
FN:193,(anonymous_9)
FN:217,(anonymous_10)
FN:230,(anonymous_11)
FNF:12
FNH:3
FNDA:4,Navbar
FNDA:4,(anonymous_1)
FNDA:4,(anonymous_2)
FNDA:0,(anonymous_3)
FNDA:0,(anonymous_4)
FNDA:0,(anonymous_5)
FNDA:0,(anonymous_6)
FNDA:0,(anonymous_7)
FNDA:0,(anonymous_8)
FNDA:0,(anonymous_9)
FNDA:0,(anonymous_10)
FNDA:0,(anonymous_11)
DA:16,4
DA:17,4
DA:18,4
DA:19,4
DA:20,4
DA:21,4
DA:22,4
DA:23,4
DA:24,4
DA:25,4
DA:26,4
DA:27,4
DA:29,4
DA:31,4
DA:32,0
DA:33,0
DA:34,0
DA:37,4
DA:38,4
DA:39,4
DA:41,4
DA:106,0
DA:107,0
DA:143,0
DA:144,0
DA:145,0
DA:148,0
DA:178,0
DA:179,0
DA:194,0
DA:195,0
DA:218,0
DA:231,0
DA:232,0
LF:34
LH:18
BRDA:39,0,0,4
BRDA:39,0,1,0
BRDA:57,1,0,4
BRDA:57,1,1,0
BRDA:62,2,0,4
BRDA:62,2,1,0
BRDA:95,3,0,0
BRDA:95,3,1,4
BRDA:113,4,0,4
BRDA:113,4,1,0
BRDA:115,5,0,0
BRDA:115,5,1,0
BRDA:120,6,0,4
BRDA:120,6,1,0
BRDA:126,7,0,0
BRDA:126,7,1,0
BRDA:137,8,0,0
BRDA:137,8,1,0
BRDA:143,9,0,0
BRDA:143,9,1,0
BRDA:149,10,0,0
BRDA:149,10,1,0
BRDA:161,11,0,0
BRDA:161,11,1,0
BRDA:211,12,0,4
BRDA:211,12,1,0
BRF:26
BRH:7
end_of_record
TN:
SF:src/layouts/components/Sidebar.tsx
FN:33,Sidebar
FN:74,(anonymous_1)
FN:77,(anonymous_2)
FN:79,(anonymous_3)
FN:90,(anonymous_4)
FN:96,(anonymous_5)
FN:103,(anonymous_6)
FN:111,(anonymous_7)
FN:137,(anonymous_8)
FNF:9
FNH:8
FNDA:4,Sidebar
FNDA:16,(anonymous_1)
FNDA:48,(anonymous_2)
FNDA:16,(anonymous_3)
FNDA:16,(anonymous_4)
FNDA:48,(anonymous_5)
FNDA:48,(anonymous_6)
FNDA:48,(anonymous_7)
FNDA:0,(anonymous_8)
DA:34,4
DA:35,4
DA:36,4
DA:37,4
DA:39,4
DA:74,16
DA:77,48
DA:79,16
DA:81,4
DA:91,16
DA:97,48
DA:98,48
DA:104,48
DA:112,48
DA:137,0
LF:15
LH:14
BRDA:77,0,0,48
BRDA:77,0,1,20
BRDA:86,1,0,4
BRDA:86,1,1,0
BRDA:105,2,0,4
BRDA:105,2,1,44
BRDA:115,3,0,48
BRDA:115,3,1,4
BRDA:129,4,0,4
BRDA:129,4,1,0
BRF:10
BRH:8
end_of_record
TN:
SF:src/lib/api.ts
FN:23,processQueue
FN:36,(anonymous_1)
FN:51,(anonymous_2)
FN:52,(anonymous_3)
FN:63,(anonymous_4)
FN:65,(anonymous_5)
FNF:6
FNH:4
FNDA:2,processQueue
FNDA:11,(anonymous_1)
FNDA:8,(anonymous_2)
FNDA:3,(anonymous_3)
FNDA:0,(anonymous_4)
FNDA:0,(anonymous_5)
DA:5,25
DA:7,25
DA:12,25
DA:19,25
DA:21,25
DA:24,2
DA:25,0
DA:26,0
DA:28,0
DA:31,2
DA:36,25
DA:37,11
DA:38,11
DA:39,3
DA:41,11
DA:50,25
DA:51,8
DA:53,3
DA:55,3
DA:56,3
DA:58,3
DA:59,1
DA:62,2
DA:63,0
DA:64,0
DA:66,0
DA:67,0
DA:68,0
DA:72,2
DA:73,2
DA:75,2
DA:76,2
DA:77,1
DA:78,1
DA:79,1
DA:80,1
DA:83,1
DA:84,1
DA:88,1
DA:89,1
DA:90,1
DA:91,1
DA:92,3
DA:93,3
DA:95,0
DA:96,0
DA:97,0
DA:99,1
LF:48
LH:37
BRDA:5,0,0,25
BRDA:5,0,1,0
BRDA:23,1,0,2
BRDA:25,2,0,0
BRDA:25,2,1,0
BRDA:38,3,0,3
BRDA:38,3,1,8
BRDA:53,4,0,0
BRDA:53,4,1,3
BRDA:56,5,0,0
BRDA:56,5,1,3
BRDA:58,6,0,1
BRDA:58,6,1,2
BRDA:58,7,0,3
BRDA:58,7,1,2
BRDA:62,8,0,0
BRDA:62,8,1,2
BRDA:66,9,0,0
BRDA:66,9,1,0
BRDA:76,10,0,1
BRDA:76,10,1,1
BRDA:91,11,0,1
BRDA:91,11,1,0
BRF:23
BRH:14
end_of_record
TN:
SF:src/store/authStore.ts
FN:15,(anonymous_0)
FN:20,(anonymous_1)
FN:21,(anonymous_2)
FN:22,(anonymous_3)
FN:23,(anonymous_4)
FNF:5
FNH:5
FNDA:24,(anonymous_0)
FNDA:2,(anonymous_1)
FNDA:1,(anonymous_2)
FNDA:3,(anonymous_3)
FNDA:3,(anonymous_4)
DA:15,24
DA:20,2
DA:21,1
DA:22,3
DA:24,3
DA:25,3
LF:6
LH:6
BRF:0
BRH:0
end_of_record
